{"/Users/macbook/Documents/claude_home/repo/consolidation-engine/src/core/conflict-resolver.ts": {"path":"/Users/macbook/Documents/claude_home/repo/consolidation-engine/src/core/conflict-resolver.ts","statementMap":{"0":{"start":{"line":23,"column":10},"end":{"line":23,"column":null}},"1":{"start":{"line":35,"column":36},"end":{"line":44,"column":null}},"2":{"start":{"line":46,"column":4},"end":{"line":46,"column":null}},"3":{"start":{"line":47,"column":4},"end":{"line":47,"column":null}},"4":{"start":{"line":54,"column":21},"end":{"line":54,"column":null}},"5":{"start":{"line":55,"column":4},"end":{"line":57,"column":null}},"6":{"start":{"line":56,"column":6},"end":{"line":56,"column":null}},"7":{"start":{"line":59,"column":4},"end":{"line":61,"column":null}},"8":{"start":{"line":60,"column":6},"end":{"line":60,"column":null}},"9":{"start":{"line":66,"column":4},"end":{"line":89,"column":null}},"10":{"start":{"line":68,"column":8},"end":{"line":68,"column":null}},"11":{"start":{"line":69,"column":8},"end":{"line":69,"column":null}},"12":{"start":{"line":72,"column":8},"end":{"line":72,"column":null}},"13":{"start":{"line":73,"column":8},"end":{"line":73,"column":null}},"14":{"start":{"line":76,"column":8},"end":{"line":76,"column":null}},"15":{"start":{"line":77,"column":8},"end":{"line":77,"column":null}},"16":{"start":{"line":80,"column":8},"end":{"line":82,"column":null}},"17":{"start":{"line":81,"column":10},"end":{"line":81,"column":null}},"18":{"start":{"line":83,"column":8},"end":{"line":83,"column":null}},"19":{"start":{"line":84,"column":8},"end":{"line":84,"column":null}},"20":{"start":{"line":85,"column":8},"end":{"line":85,"column":null}},"21":{"start":{"line":88,"column":8},"end":{"line":88,"column":null}},"22":{"start":{"line":92,"column":4},"end":{"line":92,"column":null}},"23":{"start":{"line":94,"column":4},"end":{"line":98,"column":null}},"24":{"start":{"line":105,"column":4},"end":{"line":105,"column":null}},"25":{"start":{"line":112,"column":4},"end":{"line":112,"column":null}},"26":{"start":{"line":119,"column":4},"end":{"line":119,"column":null}},"27":{"start":{"line":134,"column":26},"end":{"line":134,"column":null}},"28":{"start":{"line":136,"column":4},"end":{"line":145,"column":null}},"29":{"start":{"line":137,"column":17},"end":{"line":143,"column":null}},"30":{"start":{"line":144,"column":6},"end":{"line":144,"column":null}},"31":{"start":{"line":147,"column":4},"end":{"line":147,"column":null}},"32":{"start":{"line":159,"column":16},"end":{"line":159,"column":null}},"33":{"start":{"line":160,"column":23},"end":{"line":160,"column":null}},"34":{"start":{"line":162,"column":19},"end":{"line":162,"column":null}},"35":{"start":{"line":163,"column":23},"end":{"line":163,"column":null}},"36":{"start":{"line":165,"column":4},"end":{"line":172,"column":null}},"37":{"start":{"line":166,"column":6},"end":{"line":168,"column":null}},"38":{"start":{"line":167,"column":8},"end":{"line":167,"column":null}},"39":{"start":{"line":169,"column":6},"end":{"line":171,"column":null}},"40":{"start":{"line":170,"column":8},"end":{"line":170,"column":null}},"41":{"start":{"line":174,"column":4},"end":{"line":179,"column":null}},"42":{"start":{"line":184,"column":56},"end":{"line":184,"column":null}},"43":{"start":{"line":187,"column":2},"end":{"line":189,"column":null}},"44":{"start":{"line":188,"column":4},"end":{"line":188,"column":null}},"45":{"start":{"line":190,"column":2},"end":{"line":190,"column":null}}},"fnMap":{"0":{"name":"(anonymous_0)","decl":{"start":{"line":28,"column":2},"end":{"line":28,"column":null}},"loc":{"start":{"line":34,"column":12},"end":{"line":48,"column":null}},"line":34},"1":{"name":"(anonymous_1)","decl":{"start":{"line":53,"column":8},"end":{"line":53,"column":16}},"loc":{"start":{"line":53,"column":77},"end":{"line":99,"column":null}},"line":53},"2":{"name":"(anonymous_2)","decl":{"start":{"line":104,"column":2},"end":{"line":104,"column":14}},"loc":{"start":{"line":104,"column":61},"end":{"line":106,"column":null}},"line":104},"3":{"name":"(anonymous_3)","decl":{"start":{"line":111,"column":2},"end":{"line":111,"column":16}},"loc":{"start":{"line":111,"column":55},"end":{"line":113,"column":null}},"line":111},"4":{"name":"(anonymous_4)","decl":{"start":{"line":118,"column":2},"end":{"line":118,"column":36}},"loc":{"start":{"line":118,"column":36},"end":{"line":120,"column":null}},"line":118},"5":{"name":"(anonymous_5)","decl":{"start":{"line":125,"column":2},"end":{"line":125,"column":null}},"loc":{"start":{"line":133,"column":14},"end":{"line":148,"column":null}},"line":133},"6":{"name":"(anonymous_6)","decl":{"start":{"line":153,"column":2},"end":{"line":153,"column":null}},"loc":{"start":{"line":158,"column":4},"end":{"line":180,"column":null}},"line":158},"7":{"name":"getConflictResolver","decl":{"start":{"line":186,"column":16},"end":{"line":186,"column":56}},"loc":{"start":{"line":186,"column":56},"end":{"line":191,"column":null}},"line":186}},"branchMap":{"0":{"loc":{"start":{"line":55,"column":4},"end":{"line":57,"column":null}},"type":"if","locations":[{"start":{"line":55,"column":4},"end":{"line":57,"column":null}},{"start":{},"end":{}}],"line":55},"1":{"loc":{"start":{"line":59,"column":4},"end":{"line":61,"column":null}},"type":"if","locations":[{"start":{"line":59,"column":4},"end":{"line":61,"column":null}},{"start":{},"end":{}}],"line":59},"2":{"loc":{"start":{"line":66,"column":4},"end":{"line":89,"column":null}},"type":"switch","locations":[{"start":{"line":67,"column":6},"end":{"line":69,"column":null}},{"start":{"line":71,"column":6},"end":{"line":73,"column":null}},{"start":{"line":75,"column":6},"end":{"line":77,"column":null}},{"start":{"line":79,"column":6},"end":{"line":85,"column":null}},{"start":{"line":87,"column":6},"end":{"line":88,"column":null}}],"line":66},"3":{"loc":{"start":{"line":80,"column":8},"end":{"line":82,"column":null}},"type":"if","locations":[{"start":{"line":80,"column":8},"end":{"line":82,"column":null}},{"start":{},"end":{}}],"line":80},"4":{"loc":{"start":{"line":166,"column":6},"end":{"line":168,"column":null}},"type":"if","locations":[{"start":{"line":166,"column":6},"end":{"line":168,"column":null}},{"start":{},"end":{}}],"line":166},"5":{"loc":{"start":{"line":169,"column":6},"end":{"line":171,"column":null}},"type":"if","locations":[{"start":{"line":169,"column":6},"end":{"line":171,"column":null}},{"start":{},"end":{}}],"line":169},"6":{"loc":{"start":{"line":169,"column":10},"end":{"line":169,"column":64}},"type":"binary-expr","locations":[{"start":{"line":169,"column":10},"end":{"line":169,"column":31}},{"start":{"line":169,"column":31},"end":{"line":169,"column":64}}],"line":169},"7":{"loc":{"start":{"line":187,"column":2},"end":{"line":189,"column":null}},"type":"if","locations":[{"start":{"line":187,"column":2},"end":{"line":189,"column":null}},{"start":{},"end":{}}],"line":187}},"s":{"0":19,"1":26,"2":26,"3":26,"4":16,"5":16,"6":2,"7":14,"8":1,"9":13,"10":9,"11":9,"12":1,"13":1,"14":1,"15":1,"16":2,"17":1,"18":1,"19":1,"20":1,"21":0,"22":12,"23":12,"24":5,"25":5,"26":2,"27":2,"28":2,"29":7,"30":7,"31":2,"32":3,"33":3,"34":3,"35":3,"36":3,"37":33,"38":33,"39":33,"40":33,"41":3,"42":3,"43":4,"44":1,"45":4},"f":{"0":26,"1":16,"2":5,"3":5,"4":2,"5":2,"6":3,"7":4},"b":{"0":[2,14],"1":[1,13],"2":[13,1,1,2,0],"3":[1,1],"4":[33,0],"5":[33,0],"6":[33,33],"7":[1,3]},"meta":{"lastBranch":8,"lastFunction":8,"lastStatement":46,"seen":{"s:23:10:23:Infinity":0,"f:28:2:28:Infinity":0,"s:35:36:44:Infinity":1,"s:46:4:46:Infinity":2,"s:47:4:47:Infinity":3,"f:53:8:53:16":1,"s:54:21:54:Infinity":4,"b:55:4:57:Infinity:undefined:undefined:undefined:undefined":0,"s:55:4:57:Infinity":5,"s:56:6:56:Infinity":6,"b:59:4:61:Infinity:undefined:undefined:undefined:undefined":1,"s:59:4:61:Infinity":7,"s:60:6:60:Infinity":8,"b:67:6:69:Infinity:71:6:73:Infinity:75:6:77:Infinity:79:6:85:Infinity:87:6:88:Infinity":2,"s:66:4:89:Infinity":9,"s:68:8:68:Infinity":10,"s:69:8:69:Infinity":11,"s:72:8:72:Infinity":12,"s:73:8:73:Infinity":13,"s:76:8:76:Infinity":14,"s:77:8:77:Infinity":15,"b:80:8:82:Infinity:undefined:undefined:undefined:undefined":3,"s:80:8:82:Infinity":16,"s:81:10:81:Infinity":17,"s:83:8:83:Infinity":18,"s:84:8:84:Infinity":19,"s:85:8:85:Infinity":20,"s:88:8:88:Infinity":21,"s:92:4:92:Infinity":22,"s:94:4:98:Infinity":23,"f:104:2:104:14":2,"s:105:4:105:Infinity":24,"f:111:2:111:16":3,"s:112:4:112:Infinity":25,"f:118:2:118:36":4,"s:119:4:119:Infinity":26,"f:125:2:125:Infinity":5,"s:134:26:134:Infinity":27,"s:136:4:145:Infinity":28,"s:137:17:143:Infinity":29,"s:144:6:144:Infinity":30,"s:147:4:147:Infinity":31,"f:153:2:153:Infinity":6,"s:159:16:159:Infinity":32,"s:160:23:160:Infinity":33,"s:162:19:162:Infinity":34,"s:163:23:163:Infinity":35,"s:165:4:172:Infinity":36,"b:166:6:168:Infinity:undefined:undefined:undefined:undefined":4,"s:166:6:168:Infinity":37,"s:167:8:167:Infinity":38,"b:169:6:171:Infinity:undefined:undefined:undefined:undefined":5,"s:169:6:171:Infinity":39,"b:169:10:169:31:169:31:169:64":6,"s:170:8:170:Infinity":40,"s:174:4:179:Infinity":41,"s:184:56:184:Infinity":42,"f:186:16:186:56":7,"b:187:2:189:Infinity:undefined:undefined:undefined:undefined":7,"s:187:2:189:Infinity":43,"s:188:4:188:Infinity":44,"s:190:2:190:Infinity":45}}}
,"/Users/macbook/Documents/claude_home/repo/consolidation-engine/src/core/merge-engine.ts": {"path":"/Users/macbook/Documents/claude_home/repo/consolidation-engine/src/core/merge-engine.ts","statementMap":{"0":{"start":{"line":37,"column":10},"end":{"line":37,"column":null}},"1":{"start":{"line":44,"column":4},"end":{"line":46,"column":null}},"2":{"start":{"line":45,"column":6},"end":{"line":45,"column":null}},"3":{"start":{"line":49,"column":4},"end":{"line":53,"column":null}},"4":{"start":{"line":50,"column":6},"end":{"line":52,"column":null}},"5":{"start":{"line":51,"column":8},"end":{"line":51,"column":null}},"6":{"start":{"line":56,"column":25},"end":{"line":60,"column":null}},"7":{"start":{"line":56,"column":55},"end":{"line":60,"column":6}},"8":{"start":{"line":64,"column":4},"end":{"line":76,"column":null}},"9":{"start":{"line":66,"column":8},"end":{"line":66,"column":null}},"10":{"start":{"line":67,"column":8},"end":{"line":67,"column":null}},"11":{"start":{"line":69,"column":8},"end":{"line":69,"column":null}},"12":{"start":{"line":70,"column":8},"end":{"line":70,"column":null}},"13":{"start":{"line":72,"column":8},"end":{"line":72,"column":null}},"14":{"start":{"line":73,"column":8},"end":{"line":73,"column":null}},"15":{"start":{"line":75,"column":8},"end":{"line":75,"column":null}},"16":{"start":{"line":79,"column":23},"end":{"line":79,"column":null}},"17":{"start":{"line":82,"column":10},"end":{"line":82,"column":null}},"18":{"start":{"line":85,"column":4},"end":{"line":85,"column":null}},"19":{"start":{"line":88,"column":10},"end":{"line":88,"column":null}},"20":{"start":{"line":89,"column":38},"end":{"line":98,"column":null}},"21":{"start":{"line":100,"column":4},"end":{"line":100,"column":null}},"22":{"start":{"line":102,"column":4},"end":{"line":107,"column":null}},"23":{"start":{"line":114,"column":58},"end":{"line":114,"column":null}},"24":{"start":{"line":117,"column":25},"end":{"line":121,"column":null}},"25":{"start":{"line":117,"column":48},"end":{"line":121,"column":6}},"26":{"start":{"line":124,"column":4},"end":{"line":134,"column":null}},"27":{"start":{"line":125,"column":6},"end":{"line":133,"column":null}},"28":{"start":{"line":126,"column":8},"end":{"line":132,"column":null}},"29":{"start":{"line":137,"column":23},"end":{"line":137,"column":null}},"30":{"start":{"line":137,"column":48},"end":{"line":137,"column":56}},"31":{"start":{"line":138,"column":4},"end":{"line":145,"column":null}},"32":{"start":{"line":139,"column":34},"end":{"line":139,"column":null}},"33":{"start":{"line":140,"column":6},"end":{"line":140,"column":null}},"34":{"start":{"line":143,"column":31},"end":{"line":143,"column":null}},"35":{"start":{"line":144,"column":6},"end":{"line":144,"column":null}},"36":{"start":{"line":147,"column":4},"end":{"line":147,"column":null}},"37":{"start":{"line":154,"column":4},"end":{"line":154,"column":null}},"38":{"start":{"line":161,"column":31},"end":{"line":161,"column":null}},"39":{"start":{"line":163,"column":4},"end":{"line":180,"column":null}},"40":{"start":{"line":165,"column":27},"end":{"line":165,"column":null}},"41":{"start":{"line":167,"column":6},"end":{"line":179,"column":null}},"42":{"start":{"line":169,"column":28},"end":{"line":171,"column":null}},"43":{"start":{"line":170,"column":10},"end":{"line":170,"column":null}},"44":{"start":{"line":173,"column":8},"end":{"line":178,"column":null}},"45":{"start":{"line":175,"column":10},"end":{"line":175,"column":null}},"46":{"start":{"line":177,"column":10},"end":{"line":177,"column":null}},"47":{"start":{"line":182,"column":4},"end":{"line":182,"column":null}},"48":{"start":{"line":189,"column":4},"end":{"line":189,"column":null}},"49":{"start":{"line":189,"column":28},"end":{"line":189,"column":null}},"50":{"start":{"line":191,"column":20},"end":{"line":191,"column":null}},"51":{"start":{"line":192,"column":28},"end":{"line":192,"column":null}},"52":{"start":{"line":193,"column":29},"end":{"line":193,"column":null}},"53":{"start":{"line":193,"column":54},"end":{"line":193,"column":63}},"54":{"start":{"line":196,"column":4},"end":{"line":205,"column":null}},"55":{"start":{"line":196,"column":17},"end":{"line":196,"column":20}},"56":{"start":{"line":197,"column":28},"end":{"line":197,"column":null}},"57":{"start":{"line":198,"column":6},"end":{"line":204,"column":null}},"58":{"start":{"line":199,"column":24},"end":{"line":199,"column":null}},"59":{"start":{"line":200,"column":23},"end":{"line":200,"column":null}},"60":{"start":{"line":200,"column":40},"end":{"line":200,"column":74}},"61":{"start":{"line":201,"column":8},"end":{"line":203,"column":null}},"62":{"start":{"line":202,"column":10},"end":{"line":202,"column":null}},"63":{"start":{"line":207,"column":4},"end":{"line":207,"column":null}},"64":{"start":{"line":215,"column":19},"end":{"line":215,"column":null}},"65":{"start":{"line":215,"column":45},"end":{"line":215,"column":62}},"66":{"start":{"line":216,"column":4},"end":{"line":216,"column":null}},"67":{"start":{"line":223,"column":66},"end":{"line":223,"column":null}},"68":{"start":{"line":224,"column":18},"end":{"line":224,"column":null}},"69":{"start":{"line":225,"column":35},"end":{"line":225,"column":null}},"70":{"start":{"line":226,"column":25},"end":{"line":226,"column":null}},"71":{"start":{"line":228,"column":4},"end":{"line":242,"column":null}},"72":{"start":{"line":229,"column":6},"end":{"line":241,"column":null}},"73":{"start":{"line":231,"column":8},"end":{"line":236,"column":null}},"74":{"start":{"line":232,"column":10},"end":{"line":235,"column":null}},"75":{"start":{"line":237,"column":8},"end":{"line":237,"column":null}},"76":{"start":{"line":238,"column":8},"end":{"line":238,"column":null}},"77":{"start":{"line":240,"column":8},"end":{"line":240,"column":null}},"78":{"start":{"line":245,"column":4},"end":{"line":250,"column":null}},"79":{"start":{"line":246,"column":6},"end":{"line":249,"column":null}},"80":{"start":{"line":252,"column":4},"end":{"line":252,"column":null}},"81":{"start":{"line":259,"column":22},"end":{"line":259,"column":null}},"82":{"start":{"line":260,"column":4},"end":{"line":260,"column":null}},"83":{"start":{"line":267,"column":26},"end":{"line":267,"column":null}},"84":{"start":{"line":268,"column":21},"end":{"line":268,"column":null}},"85":{"start":{"line":271,"column":20},"end":{"line":271,"column":null}},"86":{"start":{"line":272,"column":4},"end":{"line":272,"column":null}},"87":{"start":{"line":272,"column":18},"end":{"line":272,"column":null}},"88":{"start":{"line":275,"column":4},"end":{"line":275,"column":null}},"89":{"start":{"line":284,"column":58},"end":{"line":284,"column":null}},"90":{"start":{"line":287,"column":25},"end":{"line":290,"column":null}},"91":{"start":{"line":287,"column":41},"end":{"line":290,"column":6}},"92":{"start":{"line":293,"column":24},"end":{"line":293,"column":null}},"93":{"start":{"line":294,"column":4},"end":{"line":298,"column":null}},"94":{"start":{"line":295,"column":6},"end":{"line":297,"column":null}},"95":{"start":{"line":296,"column":8},"end":{"line":296,"column":null}},"96":{"start":{"line":300,"column":4},"end":{"line":314,"column":null}},"97":{"start":{"line":301,"column":31},"end":{"line":303,"column":null}},"98":{"start":{"line":302,"column":8},"end":{"line":302,"column":null}},"99":{"start":{"line":302,"column":30},"end":{"line":302,"column":57}},"100":{"start":{"line":305,"column":6},"end":{"line":313,"column":null}},"101":{"start":{"line":306,"column":8},"end":{"line":312,"column":null}},"102":{"start":{"line":316,"column":4},"end":{"line":316,"column":null}},"103":{"start":{"line":325,"column":58},"end":{"line":325,"column":null}},"104":{"start":{"line":328,"column":30},"end":{"line":328,"column":null}},"105":{"start":{"line":330,"column":4},"end":{"line":342,"column":null}},"106":{"start":{"line":331,"column":23},"end":{"line":331,"column":null}},"107":{"start":{"line":332,"column":6},"end":{"line":341,"column":null}},"108":{"start":{"line":333,"column":24},"end":{"line":333,"column":null}},"109":{"start":{"line":334,"column":8},"end":{"line":336,"column":null}},"110":{"start":{"line":335,"column":10},"end":{"line":335,"column":null}},"111":{"start":{"line":337,"column":8},"end":{"line":340,"column":null}},"112":{"start":{"line":345,"column":4},"end":{"line":361,"column":null}},"113":{"start":{"line":346,"column":6},"end":{"line":360,"column":null}},"114":{"start":{"line":348,"column":25},"end":{"line":348,"column":null}},"115":{"start":{"line":348,"column":43},"end":{"line":348,"column":91}},"116":{"start":{"line":349,"column":23},"end":{"line":349,"column":null}},"117":{"start":{"line":351,"column":8},"end":{"line":359,"column":null}},"118":{"start":{"line":352,"column":10},"end":{"line":358,"column":null}},"119":{"start":{"line":363,"column":4},"end":{"line":363,"column":null}},"120":{"start":{"line":370,"column":31},"end":{"line":370,"column":null}},"121":{"start":{"line":371,"column":18},"end":{"line":371,"column":null}},"122":{"start":{"line":373,"column":4},"end":{"line":377,"column":null}},"123":{"start":{"line":374,"column":6},"end":{"line":376,"column":null}},"124":{"start":{"line":375,"column":8},"end":{"line":375,"column":null}},"125":{"start":{"line":379,"column":4},"end":{"line":379,"column":null}},"126":{"start":{"line":386,"column":10},"end":{"line":386,"column":null}},"127":{"start":{"line":387,"column":10},"end":{"line":387,"column":null}},"128":{"start":{"line":388,"column":4},"end":{"line":388,"column":null}},"129":{"start":{"line":393,"column":46},"end":{"line":393,"column":null}},"130":{"start":{"line":396,"column":2},"end":{"line":398,"column":null}},"131":{"start":{"line":397,"column":4},"end":{"line":397,"column":null}},"132":{"start":{"line":399,"column":2},"end":{"line":399,"column":null}}},"fnMap":{"0":{"name":"(anonymous_0)","decl":{"start":{"line":42,"column":8},"end":{"line":42,"column":14}},"loc":{"start":{"line":42,"column":55},"end":{"line":108,"column":null}},"line":42},"1":{"name":"(anonymous_1)","decl":{"start":{"line":56,"column":46},"end":{"line":56,"column":55}},"loc":{"start":{"line":56,"column":55},"end":{"line":60,"column":6}},"line":56},"2":{"name":"(anonymous_2)","decl":{"start":{"line":113,"column":8},"end":{"line":113,"column":24}},"loc":{"start":{"line":113,"column":77},"end":{"line":148,"column":null}},"line":113},"3":{"name":"(anonymous_3)","decl":{"start":{"line":117,"column":39},"end":{"line":117,"column":48}},"loc":{"start":{"line":117,"column":48},"end":{"line":121,"column":6}},"line":117},"4":{"name":"(anonymous_4)","decl":{"start":{"line":137,"column":43},"end":{"line":137,"column":48}},"loc":{"start":{"line":137,"column":48},"end":{"line":137,"column":56}},"line":137},"5":{"name":"(anonymous_5)","decl":{"start":{"line":153,"column":2},"end":{"line":153,"column":13}},"loc":{"start":{"line":153,"column":93},"end":{"line":155,"column":null}},"line":153},"6":{"name":"(anonymous_6)","decl":{"start":{"line":160,"column":10},"end":{"line":160,"column":26}},"loc":{"start":{"line":160,"column":83},"end":{"line":183,"column":null}},"line":160},"7":{"name":"(anonymous_7)","decl":{"start":{"line":169,"column":47},"end":{"line":169,"column":null}},"loc":{"start":{"line":170,"column":10},"end":{"line":170,"column":null}},"line":170},"8":{"name":"(anonymous_8)","decl":{"start":{"line":188,"column":10},"end":{"line":188,"column":26}},"loc":{"start":{"line":188,"column":83},"end":{"line":208,"column":null}},"line":188},"9":{"name":"(anonymous_9)","decl":{"start":{"line":193,"column":49},"end":{"line":193,"column":54}},"loc":{"start":{"line":193,"column":54},"end":{"line":193,"column":63}},"line":193},"10":{"name":"(anonymous_10)","decl":{"start":{"line":200,"column":35},"end":{"line":200,"column":40}},"loc":{"start":{"line":200,"column":40},"end":{"line":200,"column":74}},"line":200},"11":{"name":"(anonymous_11)","decl":{"start":{"line":213,"column":10},"end":{"line":213,"column":27}},"loc":{"start":{"line":213,"column":99},"end":{"line":217,"column":null}},"line":213},"12":{"name":"(anonymous_12)","decl":{"start":{"line":215,"column":35},"end":{"line":215,"column":36}},"loc":{"start":{"line":215,"column":45},"end":{"line":215,"column":62}},"line":215},"13":{"name":"(anonymous_13)","decl":{"start":{"line":222,"column":10},"end":{"line":222,"column":24}},"loc":{"start":{"line":222,"column":86},"end":{"line":253,"column":null}},"line":222},"14":{"name":"(anonymous_14)","decl":{"start":{"line":258,"column":10},"end":{"line":258,"column":25}},"loc":{"start":{"line":258,"column":50},"end":{"line":261,"column":null}},"line":258},"15":{"name":"(anonymous_15)","decl":{"start":{"line":266,"column":10},"end":{"line":266,"column":26}},"loc":{"start":{"line":266,"column":72},"end":{"line":276,"column":null}},"line":266},"16":{"name":"(anonymous_16)","decl":{"start":{"line":281,"column":10},"end":{"line":281,"column":null}},"loc":{"start":{"line":283,"column":40},"end":{"line":317,"column":null}},"line":283},"17":{"name":"(anonymous_17)","decl":{"start":{"line":287,"column":35},"end":{"line":287,"column":41}},"loc":{"start":{"line":287,"column":41},"end":{"line":290,"column":6}},"line":287},"18":{"name":"(anonymous_18)","decl":{"start":{"line":301,"column":51},"end":{"line":301,"column":null}},"loc":{"start":{"line":302,"column":8},"end":{"line":302,"column":null}},"line":302},"19":{"name":"(anonymous_19)","decl":{"start":{"line":302,"column":25},"end":{"line":302,"column":30}},"loc":{"start":{"line":302,"column":30},"end":{"line":302,"column":57}},"line":302},"20":{"name":"(anonymous_20)","decl":{"start":{"line":322,"column":10},"end":{"line":322,"column":null}},"loc":{"start":{"line":324,"column":40},"end":{"line":364,"column":null}},"line":324},"21":{"name":"(anonymous_21)","decl":{"start":{"line":348,"column":38},"end":{"line":348,"column":43}},"loc":{"start":{"line":348,"column":43},"end":{"line":348,"column":91}},"line":348},"22":{"name":"(anonymous_22)","decl":{"start":{"line":369,"column":10},"end":{"line":369,"column":29}},"loc":{"start":{"line":369,"column":56},"end":{"line":380,"column":null}},"line":369},"23":{"name":"(anonymous_23)","decl":{"start":{"line":385,"column":10},"end":{"line":385,"column":29}},"loc":{"start":{"line":385,"column":60},"end":{"line":389,"column":null}},"line":385},"24":{"name":"getMergeEngine","decl":{"start":{"line":395,"column":16},"end":{"line":395,"column":46}},"loc":{"start":{"line":395,"column":46},"end":{"line":400,"column":null}},"line":395}},"branchMap":{"0":{"loc":{"start":{"line":44,"column":4},"end":{"line":46,"column":null}},"type":"if","locations":[{"start":{"line":44,"column":4},"end":{"line":46,"column":null}},{"start":{},"end":{}}],"line":44},"1":{"loc":{"start":{"line":50,"column":6},"end":{"line":52,"column":null}},"type":"if","locations":[{"start":{"line":50,"column":6},"end":{"line":52,"column":null}},{"start":{},"end":{}}],"line":50},"2":{"loc":{"start":{"line":64,"column":4},"end":{"line":76,"column":null}},"type":"switch","locations":[{"start":{"line":65,"column":6},"end":{"line":67,"column":null}},{"start":{"line":68,"column":6},"end":{"line":70,"column":null}},{"start":{"line":71,"column":6},"end":{"line":73,"column":null}},{"start":{"line":74,"column":6},"end":{"line":75,"column":null}}],"line":64},"3":{"loc":{"start":{"line":79,"column":23},"end":{"line":79,"column":null}},"type":"binary-expr","locations":[{"start":{"line":79,"column":23},"end":{"line":79,"column":44}},{"start":{"line":79,"column":44},"end":{"line":79,"column":null}}],"line":79},"4":{"loc":{"start":{"line":119,"column":6},"end":{"line":119,"column":null}},"type":"cond-expr","locations":[{"start":{"line":119,"column":30},"end":{"line":119,"column":64}},{"start":{"line":119,"column":64},"end":{"line":119,"column":null}}],"line":119},"5":{"loc":{"start":{"line":125,"column":6},"end":{"line":133,"column":null}},"type":"if","locations":[{"start":{"line":125,"column":6},"end":{"line":133,"column":null}},{"start":{},"end":{}}],"line":125},"6":{"loc":{"start":{"line":138,"column":4},"end":{"line":145,"column":null}},"type":"if","locations":[{"start":{"line":138,"column":4},"end":{"line":145,"column":null}},{"start":{},"end":{}}],"line":138},"7":{"loc":{"start":{"line":153,"column":13},"end":{"line":153,"column":33}},"type":"default-arg","locations":[{"start":{"line":153,"column":29},"end":{"line":153,"column":33}}],"line":153},"8":{"loc":{"start":{"line":173,"column":8},"end":{"line":178,"column":null}},"type":"if","locations":[{"start":{"line":173,"column":8},"end":{"line":178,"column":null}},{"start":{"line":176,"column":15},"end":{"line":178,"column":null}}],"line":173},"9":{"loc":{"start":{"line":189,"column":4},"end":{"line":189,"column":null}},"type":"if","locations":[{"start":{"line":189,"column":4},"end":{"line":189,"column":null}},{"start":{},"end":{}}],"line":189},"10":{"loc":{"start":{"line":201,"column":8},"end":{"line":203,"column":null}},"type":"if","locations":[{"start":{"line":201,"column":8},"end":{"line":203,"column":null}},{"start":{},"end":{}}],"line":201},"11":{"loc":{"start":{"line":229,"column":6},"end":{"line":241,"column":null}},"type":"if","locations":[{"start":{"line":229,"column":6},"end":{"line":241,"column":null}},{"start":{"line":239,"column":13},"end":{"line":241,"column":null}}],"line":229},"12":{"loc":{"start":{"line":231,"column":8},"end":{"line":236,"column":null}},"type":"if","locations":[{"start":{"line":231,"column":8},"end":{"line":236,"column":null}},{"start":{},"end":{}}],"line":231},"13":{"loc":{"start":{"line":245,"column":4},"end":{"line":250,"column":null}},"type":"if","locations":[{"start":{"line":245,"column":4},"end":{"line":250,"column":null}},{"start":{},"end":{}}],"line":245},"14":{"loc":{"start":{"line":259,"column":22},"end":{"line":259,"column":null}},"type":"binary-expr","locations":[{"start":{"line":259,"column":22},"end":{"line":259,"column":48}},{"start":{"line":259,"column":48},"end":{"line":259,"column":null}}],"line":259},"15":{"loc":{"start":{"line":272,"column":4},"end":{"line":272,"column":null}},"type":"if","locations":[{"start":{"line":272,"column":4},"end":{"line":272,"column":null}},{"start":{},"end":{}}],"line":272},"16":{"loc":{"start":{"line":305,"column":6},"end":{"line":313,"column":null}},"type":"if","locations":[{"start":{"line":305,"column":6},"end":{"line":313,"column":null}},{"start":{},"end":{}}],"line":305},"17":{"loc":{"start":{"line":305,"column":10},"end":{"line":305,"column":81}},"type":"binary-expr","locations":[{"start":{"line":305,"column":10},"end":{"line":305,"column":41}},{"start":{"line":305,"column":41},"end":{"line":305,"column":81}}],"line":305},"18":{"loc":{"start":{"line":334,"column":8},"end":{"line":336,"column":null}},"type":"if","locations":[{"start":{"line":334,"column":8},"end":{"line":336,"column":null}},{"start":{},"end":{}}],"line":334},"19":{"loc":{"start":{"line":346,"column":6},"end":{"line":360,"column":null}},"type":"if","locations":[{"start":{"line":346,"column":6},"end":{"line":360,"column":null}},{"start":{},"end":{}}],"line":346},"20":{"loc":{"start":{"line":351,"column":8},"end":{"line":359,"column":null}},"type":"if","locations":[{"start":{"line":351,"column":8},"end":{"line":359,"column":null}},{"start":{},"end":{}}],"line":351},"21":{"loc":{"start":{"line":374,"column":6},"end":{"line":376,"column":null}},"type":"if","locations":[{"start":{"line":374,"column":6},"end":{"line":376,"column":null}},{"start":{},"end":{}}],"line":374},"22":{"loc":{"start":{"line":396,"column":2},"end":{"line":398,"column":null}},"type":"if","locations":[{"start":{"line":396,"column":2},"end":{"line":398,"column":null}},{"start":{},"end":{}}],"line":396}},"s":{"0":19,"1":18,"2":2,"3":16,"4":32,"5":2,"6":14,"7":29,"8":14,"9":12,"10":12,"11":1,"12":1,"13":1,"14":1,"15":0,"16":14,"17":18,"18":18,"19":18,"20":18,"21":18,"22":18,"23":6,"24":6,"25":12,"26":6,"27":12,"28":1,"29":6,"30":12,"31":6,"32":5,"33":5,"34":5,"35":5,"36":6,"37":7,"38":12,"39":12,"40":25,"41":25,"42":54,"43":62,"44":54,"45":15,"46":39,"47":12,"48":2,"49":0,"50":2,"51":2,"52":2,"53":4,"54":2,"55":2,"56":2,"57":2,"58":4,"59":4,"60":6,"61":4,"62":2,"63":2,"64":1,"65":1,"66":1,"67":39,"68":39,"69":39,"70":39,"71":39,"72":348,"73":86,"74":47,"75":86,"76":86,"77":262,"78":39,"79":39,"80":39,"81":158,"82":158,"83":15,"84":15,"85":15,"86":15,"87":0,"88":15,"89":5,"90":5,"91":10,"92":5,"93":5,"94":10,"95":24,"96":5,"97":16,"98":32,"99":62,"100":16,"101":8,"102":5,"103":5,"104":5,"105":5,"106":10,"107":10,"108":24,"109":24,"110":16,"111":24,"112":5,"113":16,"114":8,"115":16,"116":8,"117":8,"118":6,"119":5,"120":10,"121":10,"122":10,"123":98,"124":24,"125":10,"126":1,"127":1,"128":1,"129":3,"130":5,"131":1,"132":5},"f":{"0":18,"1":29,"2":6,"3":12,"4":12,"5":7,"6":12,"7":62,"8":2,"9":4,"10":6,"11":1,"12":1,"13":39,"14":158,"15":15,"16":5,"17":10,"18":32,"19":62,"20":5,"21":16,"22":10,"23":1,"24":5},"b":{"0":[2,16],"1":[2,30],"2":[12,1,1,0],"3":[14,1],"4":[11,1],"5":[1,11],"6":[5,1],"7":[7],"8":[15,39],"9":[0,2],"10":[2,2],"11":[86,262],"12":[47,39],"13":[39,0],"14":[158,0],"15":[0,15],"16":[8,8],"17":[16,16],"18":[16,8],"19":[8,8],"20":[6,2],"21":[24,74],"22":[1,4]},"meta":{"lastBranch":23,"lastFunction":25,"lastStatement":133,"seen":{"s:37:10:37:Infinity":0,"f:42:8:42:14":0,"b:44:4:46:Infinity:undefined:undefined:undefined:undefined":0,"s:44:4:46:Infinity":1,"s:45:6:45:Infinity":2,"s:49:4:53:Infinity":3,"b:50:6:52:Infinity:undefined:undefined:undefined:undefined":1,"s:50:6:52:Infinity":4,"s:51:8:51:Infinity":5,"s:56:25:60:Infinity":6,"f:56:46:56:55":1,"s:56:55:60:6":7,"b:65:6:67:Infinity:68:6:70:Infinity:71:6:73:Infinity:74:6:75:Infinity":2,"s:64:4:76:Infinity":8,"s:66:8:66:Infinity":9,"s:67:8:67:Infinity":10,"s:69:8:69:Infinity":11,"s:70:8:70:Infinity":12,"s:72:8:72:Infinity":13,"s:73:8:73:Infinity":14,"s:75:8:75:Infinity":15,"s:79:23:79:Infinity":16,"b:79:23:79:44:79:44:79:Infinity":3,"s:82:10:82:Infinity":17,"s:85:4:85:Infinity":18,"s:88:10:88:Infinity":19,"s:89:38:98:Infinity":20,"s:100:4:100:Infinity":21,"s:102:4:107:Infinity":22,"f:113:8:113:24":2,"s:114:58:114:Infinity":23,"s:117:25:121:Infinity":24,"f:117:39:117:48":3,"s:117:48:121:6":25,"b:119:30:119:64:119:64:119:Infinity":4,"s:124:4:134:Infinity":26,"b:125:6:133:Infinity:undefined:undefined:undefined:undefined":5,"s:125:6:133:Infinity":27,"s:126:8:132:Infinity":28,"s:137:23:137:Infinity":29,"f:137:43:137:48":4,"s:137:48:137:56":30,"b:138:4:145:Infinity:undefined:undefined:undefined:undefined":6,"s:138:4:145:Infinity":31,"s:139:34:139:Infinity":32,"s:140:6:140:Infinity":33,"s:143:31:143:Infinity":34,"s:144:6:144:Infinity":35,"s:147:4:147:Infinity":36,"f:153:2:153:13":5,"b:153:29:153:33":7,"s:154:4:154:Infinity":37,"f:160:10:160:26":6,"s:161:31:161:Infinity":38,"s:163:4:180:Infinity":39,"s:165:27:165:Infinity":40,"s:167:6:179:Infinity":41,"s:169:28:171:Infinity":42,"f:169:47:169:Infinity":7,"s:170:10:170:Infinity":43,"b:173:8:178:Infinity:176:15:178:Infinity":8,"s:173:8:178:Infinity":44,"s:175:10:175:Infinity":45,"s:177:10:177:Infinity":46,"s:182:4:182:Infinity":47,"f:188:10:188:26":8,"b:189:4:189:Infinity:undefined:undefined:undefined:undefined":9,"s:189:4:189:Infinity":48,"s:189:28:189:Infinity":49,"s:191:20:191:Infinity":50,"s:192:28:192:Infinity":51,"s:193:29:193:Infinity":52,"f:193:49:193:54":9,"s:193:54:193:63":53,"s:196:4:205:Infinity":54,"s:196:17:196:20":55,"s:197:28:197:Infinity":56,"s:198:6:204:Infinity":57,"s:199:24:199:Infinity":58,"s:200:23:200:Infinity":59,"f:200:35:200:40":10,"s:200:40:200:74":60,"b:201:8:203:Infinity:undefined:undefined:undefined:undefined":10,"s:201:8:203:Infinity":61,"s:202:10:202:Infinity":62,"s:207:4:207:Infinity":63,"f:213:10:213:27":11,"s:215:19:215:Infinity":64,"f:215:35:215:36":12,"s:215:45:215:62":65,"s:216:4:216:Infinity":66,"f:222:10:222:24":13,"s:223:66:223:Infinity":67,"s:224:18:224:Infinity":68,"s:225:35:225:Infinity":69,"s:226:25:226:Infinity":70,"s:228:4:242:Infinity":71,"b:229:6:241:Infinity:239:13:241:Infinity":11,"s:229:6:241:Infinity":72,"b:231:8:236:Infinity:undefined:undefined:undefined:undefined":12,"s:231:8:236:Infinity":73,"s:232:10:235:Infinity":74,"s:237:8:237:Infinity":75,"s:238:8:238:Infinity":76,"s:240:8:240:Infinity":77,"b:245:4:250:Infinity:undefined:undefined:undefined:undefined":13,"s:245:4:250:Infinity":78,"s:246:6:249:Infinity":79,"s:252:4:252:Infinity":80,"f:258:10:258:25":14,"s:259:22:259:Infinity":81,"b:259:22:259:48:259:48:259:Infinity":14,"s:260:4:260:Infinity":82,"f:266:10:266:26":15,"s:267:26:267:Infinity":83,"s:268:21:268:Infinity":84,"s:271:20:271:Infinity":85,"b:272:4:272:Infinity:undefined:undefined:undefined:undefined":15,"s:272:4:272:Infinity":86,"s:272:18:272:Infinity":87,"s:275:4:275:Infinity":88,"f:281:10:281:Infinity":16,"s:284:58:284:Infinity":89,"s:287:25:290:Infinity":90,"f:287:35:287:41":17,"s:287:41:290:6":91,"s:293:24:293:Infinity":92,"s:294:4:298:Infinity":93,"s:295:6:297:Infinity":94,"s:296:8:296:Infinity":95,"s:300:4:314:Infinity":96,"s:301:31:303:Infinity":97,"f:301:51:301:Infinity":18,"s:302:8:302:Infinity":98,"f:302:25:302:30":19,"s:302:30:302:57":99,"b:305:6:313:Infinity:undefined:undefined:undefined:undefined":16,"s:305:6:313:Infinity":100,"b:305:10:305:41:305:41:305:81":17,"s:306:8:312:Infinity":101,"s:316:4:316:Infinity":102,"f:322:10:322:Infinity":20,"s:325:58:325:Infinity":103,"s:328:30:328:Infinity":104,"s:330:4:342:Infinity":105,"s:331:23:331:Infinity":106,"s:332:6:341:Infinity":107,"s:333:24:333:Infinity":108,"b:334:8:336:Infinity:undefined:undefined:undefined:undefined":18,"s:334:8:336:Infinity":109,"s:335:10:335:Infinity":110,"s:337:8:340:Infinity":111,"s:345:4:361:Infinity":112,"b:346:6:360:Infinity:undefined:undefined:undefined:undefined":19,"s:346:6:360:Infinity":113,"s:348:25:348:Infinity":114,"f:348:38:348:43":21,"s:348:43:348:91":115,"s:349:23:349:Infinity":116,"b:351:8:359:Infinity:undefined:undefined:undefined:undefined":20,"s:351:8:359:Infinity":117,"s:352:10:358:Infinity":118,"s:363:4:363:Infinity":119,"f:369:10:369:29":22,"s:370:31:370:Infinity":120,"s:371:18:371:Infinity":121,"s:373:4:377:Infinity":122,"b:374:6:376:Infinity:undefined:undefined:undefined:undefined":21,"s:374:6:376:Infinity":123,"s:375:8:375:Infinity":124,"s:379:4:379:Infinity":125,"f:385:10:385:29":23,"s:386:10:386:Infinity":126,"s:387:10:387:Infinity":127,"s:388:4:388:Infinity":128,"s:393:46:393:Infinity":129,"f:395:16:395:46":24,"b:396:2:398:Infinity:undefined:undefined:undefined:undefined":22,"s:396:2:398:Infinity":130,"s:397:4:397:Infinity":131,"s:399:2:399:Infinity":132}}}
,"/Users/macbook/Documents/claude_home/repo/consolidation-engine/src/core/plan-manager.ts": {"path":"/Users/macbook/Documents/claude_home/repo/consolidation-engine/src/core/plan-manager.ts","statementMap":{"0":{"start":{"line":36,"column":10},"end":{"line":36,"column":null}},"1":{"start":{"line":43,"column":4},"end":{"line":45,"column":null}},"2":{"start":{"line":44,"column":6},"end":{"line":44,"column":null}},"3":{"start":{"line":48,"column":10},"end":{"line":48,"column":null}},"4":{"start":{"line":61,"column":4},"end":{"line":66,"column":null}},"5":{"start":{"line":62,"column":6},"end":{"line":62,"column":null}},"6":{"start":{"line":65,"column":6},"end":{"line":65,"column":null}},"7":{"start":{"line":69,"column":24},"end":{"line":69,"column":null}},"8":{"start":{"line":72,"column":32},"end":{"line":76,"column":null}},"9":{"start":{"line":72,"column":60},"end":{"line":76,"column":6}},"10":{"start":{"line":79,"column":27},"end":{"line":79,"column":null}},"11":{"start":{"line":80,"column":29},"end":{"line":80,"column":null}},"12":{"start":{"line":83,"column":10},"end":{"line":83,"column":null}},"13":{"start":{"line":84,"column":28},"end":{"line":92,"column":null}},"14":{"start":{"line":94,"column":4},"end":{"line":94,"column":null}},"15":{"start":{"line":96,"column":4},"end":{"line":100,"column":null}},"16":{"start":{"line":107,"column":17},"end":{"line":107,"column":null}},"17":{"start":{"line":108,"column":4},"end":{"line":110,"column":null}},"18":{"start":{"line":109,"column":6},"end":{"line":109,"column":null}},"19":{"start":{"line":112,"column":32},"end":{"line":112,"column":null}},"20":{"start":{"line":113,"column":59},"end":{"line":113,"column":null}},"21":{"start":{"line":114,"column":24},"end":{"line":114,"column":null}},"22":{"start":{"line":115,"column":28},"end":{"line":115,"column":null}},"23":{"start":{"line":118,"column":4},"end":{"line":139,"column":null}},"24":{"start":{"line":119,"column":6},"end":{"line":121,"column":null}},"25":{"start":{"line":120,"column":8},"end":{"line":120,"column":null}},"26":{"start":{"line":124,"column":6},"end":{"line":129,"column":null}},"27":{"start":{"line":125,"column":8},"end":{"line":128,"column":null}},"28":{"start":{"line":126,"column":10},"end":{"line":126,"column":null}},"29":{"start":{"line":127,"column":10},"end":{"line":127,"column":null}},"30":{"start":{"line":132,"column":28},"end":{"line":132,"column":null}},"31":{"start":{"line":133,"column":6},"end":{"line":138,"column":null}},"32":{"start":{"line":134,"column":8},"end":{"line":134,"column":null}},"33":{"start":{"line":135,"column":8},"end":{"line":137,"column":null}},"34":{"start":{"line":136,"column":10},"end":{"line":136,"column":null}},"35":{"start":{"line":142,"column":4},"end":{"line":144,"column":null}},"36":{"start":{"line":143,"column":6},"end":{"line":143,"column":null}},"37":{"start":{"line":146,"column":4},"end":{"line":151,"column":null}},"38":{"start":{"line":158,"column":4},"end":{"line":158,"column":null}},"39":{"start":{"line":165,"column":4},"end":{"line":165,"column":null}},"40":{"start":{"line":175,"column":4},"end":{"line":191,"column":null}},"41":{"start":{"line":177,"column":8},"end":{"line":177,"column":null}},"42":{"start":{"line":177,"column":31},"end":{"line":177,"column":null}},"43":{"start":{"line":178,"column":8},"end":{"line":178,"column":null}},"44":{"start":{"line":178,"column":31},"end":{"line":178,"column":null}},"45":{"start":{"line":179,"column":8},"end":{"line":179,"column":null}},"46":{"start":{"line":182,"column":8},"end":{"line":182,"column":null}},"47":{"start":{"line":182,"column":32},"end":{"line":182,"column":null}},"48":{"start":{"line":183,"column":8},"end":{"line":183,"column":null}},"49":{"start":{"line":183,"column":31},"end":{"line":183,"column":null}},"50":{"start":{"line":184,"column":8},"end":{"line":184,"column":null}},"51":{"start":{"line":189,"column":8},"end":{"line":189,"column":null}},"52":{"start":{"line":189,"column":31},"end":{"line":189,"column":null}},"53":{"start":{"line":190,"column":8},"end":{"line":190,"column":null}},"54":{"start":{"line":202,"column":69},"end":{"line":202,"column":null}},"55":{"start":{"line":203,"column":18},"end":{"line":203,"column":null}},"56":{"start":{"line":204,"column":35},"end":{"line":204,"column":null}},"57":{"start":{"line":205,"column":28},"end":{"line":205,"column":null}},"58":{"start":{"line":207,"column":4},"end":{"line":226,"column":null}},"59":{"start":{"line":209,"column":6},"end":{"line":211,"column":null}},"60":{"start":{"line":210,"column":8},"end":{"line":210,"column":null}},"61":{"start":{"line":213,"column":30},"end":{"line":213,"column":null}},"62":{"start":{"line":214,"column":6},"end":{"line":216,"column":null}},"63":{"start":{"line":215,"column":8},"end":{"line":215,"column":null}},"64":{"start":{"line":218,"column":6},"end":{"line":225,"column":null}},"65":{"start":{"line":219,"column":8},"end":{"line":222,"column":null}},"66":{"start":{"line":223,"column":8},"end":{"line":223,"column":null}},"67":{"start":{"line":224,"column":8},"end":{"line":224,"column":null}},"68":{"start":{"line":229,"column":4},"end":{"line":234,"column":null}},"69":{"start":{"line":230,"column":6},"end":{"line":233,"column":null}},"70":{"start":{"line":236,"column":4},"end":{"line":239,"column":null}},"71":{"start":{"line":247,"column":21},"end":{"line":247,"column":null}},"72":{"start":{"line":248,"column":4},"end":{"line":252,"column":null}},"73":{"start":{"line":249,"column":6},"end":{"line":251,"column":null}},"74":{"start":{"line":250,"column":8},"end":{"line":250,"column":null}},"75":{"start":{"line":253,"column":4},"end":{"line":253,"column":null}},"76":{"start":{"line":260,"column":4},"end":{"line":260,"column":null}},"77":{"start":{"line":260,"column":22},"end":{"line":260,"column":null}},"78":{"start":{"line":261,"column":4},"end":{"line":261,"column":null}},"79":{"start":{"line":261,"column":29},"end":{"line":261,"column":null}},"80":{"start":{"line":262,"column":4},"end":{"line":262,"column":null}},"81":{"start":{"line":269,"column":63},"end":{"line":269,"column":null}},"82":{"start":{"line":271,"column":4},"end":{"line":287,"column":null}},"83":{"start":{"line":272,"column":6},"end":{"line":286,"column":null}},"84":{"start":{"line":273,"column":8},"end":{"line":276,"column":null}},"85":{"start":{"line":274,"column":10},"end":{"line":274,"column":null}},"86":{"start":{"line":275,"column":10},"end":{"line":275,"column":null}},"87":{"start":{"line":279,"column":8},"end":{"line":283,"column":null}},"88":{"start":{"line":280,"column":10},"end":{"line":280,"column":null}},"89":{"start":{"line":282,"column":10},"end":{"line":282,"column":null}},"90":{"start":{"line":285,"column":8},"end":{"line":285,"column":null}},"91":{"start":{"line":289,"column":4},"end":{"line":289,"column":null}},"92":{"start":{"line":294,"column":46},"end":{"line":294,"column":null}},"93":{"start":{"line":297,"column":2},"end":{"line":299,"column":null}},"94":{"start":{"line":298,"column":4},"end":{"line":298,"column":null}},"95":{"start":{"line":300,"column":2},"end":{"line":300,"column":null}}},"fnMap":{"0":{"name":"(anonymous_0)","decl":{"start":{"line":41,"column":8},"end":{"line":41,"column":19}},"loc":{"start":{"line":41,"column":70},"end":{"line":101,"column":null}},"line":41},"1":{"name":"(anonymous_1)","decl":{"start":{"line":72,"column":48},"end":{"line":72,"column":60}},"loc":{"start":{"line":72,"column":60},"end":{"line":76,"column":6}},"line":72},"2":{"name":"(anonymous_2)","decl":{"start":{"line":106,"column":8},"end":{"line":106,"column":21}},"loc":{"start":{"line":106,"column":66},"end":{"line":152,"column":null}},"line":106},"3":{"name":"(anonymous_3)","decl":{"start":{"line":157,"column":2},"end":{"line":157,"column":10}},"loc":{"start":{"line":157,"column":49},"end":{"line":159,"column":null}},"line":157},"4":{"name":"(anonymous_4)","decl":{"start":{"line":164,"column":2},"end":{"line":164,"column":12}},"loc":{"start":{"line":164,"column":42},"end":{"line":166,"column":null}},"line":164},"5":{"name":"(anonymous_5)","decl":{"start":{"line":171,"column":10},"end":{"line":171,"column":null}},"loc":{"start":{"line":174,"column":33},"end":{"line":192,"column":null}},"line":174},"6":{"name":"(anonymous_6)","decl":{"start":{"line":197,"column":10},"end":{"line":197,"column":26}},"loc":{"start":{"line":200,"column":4},"end":{"line":240,"column":null}},"line":200},"7":{"name":"(anonymous_7)","decl":{"start":{"line":245,"column":10},"end":{"line":245,"column":26}},"loc":{"start":{"line":245,"column":55},"end":{"line":254,"column":null}},"line":245},"8":{"name":"(anonymous_8)","decl":{"start":{"line":259,"column":10},"end":{"line":259,"column":22}},"loc":{"start":{"line":259,"column":45},"end":{"line":263,"column":null}},"line":259},"9":{"name":"(anonymous_9)","decl":{"start":{"line":268,"column":16},"end":{"line":268,"column":35}},"loc":{"start":{"line":268,"column":102},"end":{"line":290,"column":null}},"line":268},"10":{"name":"getPlanManager","decl":{"start":{"line":296,"column":16},"end":{"line":296,"column":46}},"loc":{"start":{"line":296,"column":46},"end":{"line":301,"column":null}},"line":296}},"branchMap":{"0":{"loc":{"start":{"line":43,"column":4},"end":{"line":45,"column":null}},"type":"if","locations":[{"start":{"line":43,"column":4},"end":{"line":45,"column":null}},{"start":{},"end":{}}],"line":43},"1":{"loc":{"start":{"line":69,"column":24},"end":{"line":69,"column":null}},"type":"binary-expr","locations":[{"start":{"line":69,"column":24},"end":{"line":69,"column":43}},{"start":{"line":69,"column":43},"end":{"line":69,"column":64}},{"start":{"line":69,"column":64},"end":{"line":69,"column":null}}],"line":69},"2":{"loc":{"start":{"line":74,"column":24},"end":{"line":74,"column":null}},"type":"binary-expr","locations":[{"start":{"line":74,"column":24},"end":{"line":74,"column":46}},{"start":{"line":74,"column":46},"end":{"line":74,"column":null}}],"line":74},"3":{"loc":{"start":{"line":75,"column":52},"end":{"line":75,"column":77}},"type":"binary-expr","locations":[{"start":{"line":75,"column":52},"end":{"line":75,"column":74}},{"start":{"line":75,"column":74},"end":{"line":75,"column":77}}],"line":75},"4":{"loc":{"start":{"line":79,"column":27},"end":{"line":79,"column":null}},"type":"binary-expr","locations":[{"start":{"line":79,"column":27},"end":{"line":79,"column":60}},{"start":{"line":79,"column":60},"end":{"line":79,"column":null}}],"line":79},"5":{"loc":{"start":{"line":108,"column":4},"end":{"line":110,"column":null}},"type":"if","locations":[{"start":{"line":108,"column":4},"end":{"line":110,"column":null}},{"start":{},"end":{}}],"line":108},"6":{"loc":{"start":{"line":119,"column":6},"end":{"line":121,"column":null}},"type":"if","locations":[{"start":{"line":119,"column":6},"end":{"line":121,"column":null}},{"start":{},"end":{}}],"line":119},"7":{"loc":{"start":{"line":125,"column":8},"end":{"line":128,"column":null}},"type":"if","locations":[{"start":{"line":125,"column":8},"end":{"line":128,"column":null}},{"start":{},"end":{}}],"line":125},"8":{"loc":{"start":{"line":133,"column":6},"end":{"line":138,"column":null}},"type":"if","locations":[{"start":{"line":133,"column":6},"end":{"line":138,"column":null}},{"start":{},"end":{}}],"line":133},"9":{"loc":{"start":{"line":142,"column":4},"end":{"line":144,"column":null}},"type":"if","locations":[{"start":{"line":142,"column":4},"end":{"line":144,"column":null}},{"start":{},"end":{}}],"line":142},"10":{"loc":{"start":{"line":175,"column":4},"end":{"line":191,"column":null}},"type":"switch","locations":[{"start":{"line":176,"column":6},"end":{"line":179,"column":null}},{"start":{"line":181,"column":6},"end":{"line":184,"column":null}},{"start":{"line":186,"column":6},"end":{"line":186,"column":null}},{"start":{"line":187,"column":6},"end":{"line":190,"column":null}}],"line":175},"11":{"loc":{"start":{"line":177,"column":8},"end":{"line":177,"column":null}},"type":"if","locations":[{"start":{"line":177,"column":8},"end":{"line":177,"column":null}},{"start":{},"end":{}}],"line":177},"12":{"loc":{"start":{"line":178,"column":8},"end":{"line":178,"column":null}},"type":"if","locations":[{"start":{"line":178,"column":8},"end":{"line":178,"column":null}},{"start":{},"end":{}}],"line":178},"13":{"loc":{"start":{"line":182,"column":8},"end":{"line":182,"column":null}},"type":"if","locations":[{"start":{"line":182,"column":8},"end":{"line":182,"column":null}},{"start":{},"end":{}}],"line":182},"14":{"loc":{"start":{"line":183,"column":8},"end":{"line":183,"column":null}},"type":"if","locations":[{"start":{"line":183,"column":8},"end":{"line":183,"column":null}},{"start":{},"end":{}}],"line":183},"15":{"loc":{"start":{"line":189,"column":8},"end":{"line":189,"column":null}},"type":"if","locations":[{"start":{"line":189,"column":8},"end":{"line":189,"column":null}},{"start":{},"end":{}}],"line":189},"16":{"loc":{"start":{"line":209,"column":6},"end":{"line":211,"column":null}},"type":"if","locations":[{"start":{"line":209,"column":6},"end":{"line":211,"column":null}},{"start":{},"end":{}}],"line":209},"17":{"loc":{"start":{"line":209,"column":10},"end":{"line":209,"column":61}},"type":"binary-expr","locations":[{"start":{"line":209,"column":10},"end":{"line":209,"column":32}},{"start":{"line":209,"column":32},"end":{"line":209,"column":61}}],"line":209},"18":{"loc":{"start":{"line":214,"column":6},"end":{"line":216,"column":null}},"type":"if","locations":[{"start":{"line":214,"column":6},"end":{"line":216,"column":null}},{"start":{},"end":{}}],"line":214},"19":{"loc":{"start":{"line":218,"column":6},"end":{"line":225,"column":null}},"type":"if","locations":[{"start":{"line":218,"column":6},"end":{"line":225,"column":null}},{"start":{},"end":{}}],"line":218},"20":{"loc":{"start":{"line":218,"column":10},"end":{"line":218,"column":59}},"type":"binary-expr","locations":[{"start":{"line":218,"column":10},"end":{"line":218,"column":32}},{"start":{"line":218,"column":32},"end":{"line":218,"column":59}}],"line":218},"21":{"loc":{"start":{"line":221,"column":22},"end":{"line":221,"column":null}},"type":"binary-expr","locations":[{"start":{"line":221,"column":22},"end":{"line":221,"column":43}},{"start":{"line":221,"column":43},"end":{"line":221,"column":null}}],"line":221},"22":{"loc":{"start":{"line":229,"column":4},"end":{"line":234,"column":null}},"type":"if","locations":[{"start":{"line":229,"column":4},"end":{"line":234,"column":null}},{"start":{},"end":{}}],"line":229},"23":{"loc":{"start":{"line":232,"column":20},"end":{"line":232,"column":null}},"type":"binary-expr","locations":[{"start":{"line":232,"column":20},"end":{"line":232,"column":41}},{"start":{"line":232,"column":41},"end":{"line":232,"column":null}}],"line":232},"24":{"loc":{"start":{"line":249,"column":6},"end":{"line":251,"column":null}},"type":"if","locations":[{"start":{"line":249,"column":6},"end":{"line":251,"column":null}},{"start":{},"end":{}}],"line":249},"25":{"loc":{"start":{"line":260,"column":4},"end":{"line":260,"column":null}},"type":"if","locations":[{"start":{"line":260,"column":4},"end":{"line":260,"column":null}},{"start":{},"end":{}}],"line":260},"26":{"loc":{"start":{"line":261,"column":4},"end":{"line":261,"column":null}},"type":"if","locations":[{"start":{"line":261,"column":4},"end":{"line":261,"column":null}},{"start":{},"end":{}}],"line":261},"27":{"loc":{"start":{"line":273,"column":8},"end":{"line":276,"column":null}},"type":"if","locations":[{"start":{"line":273,"column":8},"end":{"line":276,"column":null}},{"start":{},"end":{}}],"line":273},"28":{"loc":{"start":{"line":297,"column":2},"end":{"line":299,"column":null}},"type":"if","locations":[{"start":{"line":297,"column":2},"end":{"line":299,"column":null}},{"start":{},"end":{}}],"line":297}},"s":{"0":24,"1":24,"2":2,"3":22,"4":22,"5":22,"6":0,"7":22,"8":24,"9":19,"10":24,"11":24,"12":24,"13":24,"14":24,"15":24,"16":7,"17":7,"18":2,"19":5,"20":5,"21":5,"22":5,"23":5,"24":5,"25":0,"26":5,"27":10,"28":2,"29":2,"30":5,"31":5,"32":1,"33":1,"34":2,"35":5,"36":4,"37":5,"38":3,"39":4,"40":19,"41":14,"42":12,"43":2,"44":2,"45":1,"46":3,"47":1,"48":2,"49":2,"50":1,"51":2,"52":1,"53":1,"54":0,"55":0,"56":0,"57":0,"58":0,"59":0,"60":0,"61":0,"62":0,"63":0,"64":0,"65":0,"66":0,"67":0,"68":0,"69":0,"70":0,"71":10,"72":10,"73":7,"74":4,"75":10,"76":22,"77":9,"78":13,"79":13,"80":1,"81":5,"82":5,"83":10,"84":10,"85":2,"86":2,"87":8,"88":8,"89":0,"90":0,"91":5,"92":3,"93":5,"94":1,"95":5},"f":{"0":24,"1":19,"2":7,"3":3,"4":4,"5":19,"6":0,"7":10,"8":22,"9":5,"10":5},"b":{"0":[2,22],"1":[22,0,0],"2":[19,0],"3":[19,0],"4":[24,10],"5":[2,5],"6":[0,5],"7":[2,8],"8":[1,4],"9":[4,1],"10":[14,3,2,2],"11":[12,2],"12":[1,1],"13":[1,2],"14":[1,1],"15":[1,1],"16":[0,0],"17":[0,0],"18":[0,0],"19":[0,0],"20":[0,0],"21":[0,0],"22":[0,0],"23":[0,0],"24":[4,3],"25":[9,13],"26":[12,1],"27":[2,8],"28":[1,4]},"meta":{"lastBranch":29,"lastFunction":11,"lastStatement":96,"seen":{"s:36:10:36:Infinity":0,"f:41:8:41:19":0,"b:43:4:45:Infinity:undefined:undefined:undefined:undefined":0,"s:43:4:45:Infinity":1,"s:44:6:44:Infinity":2,"s:48:10:48:Infinity":3,"s:61:4:66:Infinity":4,"s:62:6:62:Infinity":5,"s:65:6:65:Infinity":6,"s:69:24:69:Infinity":7,"b:69:24:69:43:69:43:69:64:69:64:69:Infinity":1,"s:72:32:76:Infinity":8,"f:72:48:72:60":1,"s:72:60:76:6":9,"b:74:24:74:46:74:46:74:Infinity":2,"b:75:52:75:74:75:74:75:77":3,"s:79:27:79:Infinity":10,"b:79:27:79:60:79:60:79:Infinity":4,"s:80:29:80:Infinity":11,"s:83:10:83:Infinity":12,"s:84:28:92:Infinity":13,"s:94:4:94:Infinity":14,"s:96:4:100:Infinity":15,"f:106:8:106:21":2,"s:107:17:107:Infinity":16,"b:108:4:110:Infinity:undefined:undefined:undefined:undefined":5,"s:108:4:110:Infinity":17,"s:109:6:109:Infinity":18,"s:112:32:112:Infinity":19,"s:113:59:113:Infinity":20,"s:114:24:114:Infinity":21,"s:115:28:115:Infinity":22,"s:118:4:139:Infinity":23,"b:119:6:121:Infinity:undefined:undefined:undefined:undefined":6,"s:119:6:121:Infinity":24,"s:120:8:120:Infinity":25,"s:124:6:129:Infinity":26,"b:125:8:128:Infinity:undefined:undefined:undefined:undefined":7,"s:125:8:128:Infinity":27,"s:126:10:126:Infinity":28,"s:127:10:127:Infinity":29,"s:132:28:132:Infinity":30,"b:133:6:138:Infinity:undefined:undefined:undefined:undefined":8,"s:133:6:138:Infinity":31,"s:134:8:134:Infinity":32,"s:135:8:137:Infinity":33,"s:136:10:136:Infinity":34,"b:142:4:144:Infinity:undefined:undefined:undefined:undefined":9,"s:142:4:144:Infinity":35,"s:143:6:143:Infinity":36,"s:146:4:151:Infinity":37,"f:157:2:157:10":3,"s:158:4:158:Infinity":38,"f:164:2:164:12":4,"s:165:4:165:Infinity":39,"f:171:10:171:Infinity":5,"b:176:6:179:Infinity:181:6:184:Infinity:186:6:186:Infinity:187:6:190:Infinity":10,"s:175:4:191:Infinity":40,"b:177:8:177:Infinity:undefined:undefined:undefined:undefined":11,"s:177:8:177:Infinity":41,"s:177:31:177:Infinity":42,"b:178:8:178:Infinity:undefined:undefined:undefined:undefined":12,"s:178:8:178:Infinity":43,"s:178:31:178:Infinity":44,"s:179:8:179:Infinity":45,"b:182:8:182:Infinity:undefined:undefined:undefined:undefined":13,"s:182:8:182:Infinity":46,"s:182:32:182:Infinity":47,"b:183:8:183:Infinity:undefined:undefined:undefined:undefined":14,"s:183:8:183:Infinity":48,"s:183:31:183:Infinity":49,"s:184:8:184:Infinity":50,"b:189:8:189:Infinity:undefined:undefined:undefined:undefined":15,"s:189:8:189:Infinity":51,"s:189:31:189:Infinity":52,"s:190:8:190:Infinity":53,"f:197:10:197:26":6,"s:202:69:202:Infinity":54,"s:203:18:203:Infinity":55,"s:204:35:204:Infinity":56,"s:205:28:205:Infinity":57,"s:207:4:226:Infinity":58,"b:209:6:211:Infinity:undefined:undefined:undefined:undefined":16,"s:209:6:211:Infinity":59,"b:209:10:209:32:209:32:209:61":17,"s:210:8:210:Infinity":60,"s:213:30:213:Infinity":61,"b:214:6:216:Infinity:undefined:undefined:undefined:undefined":18,"s:214:6:216:Infinity":62,"s:215:8:215:Infinity":63,"b:218:6:225:Infinity:undefined:undefined:undefined:undefined":19,"s:218:6:225:Infinity":64,"b:218:10:218:32:218:32:218:59":20,"s:219:8:222:Infinity":65,"b:221:22:221:43:221:43:221:Infinity":21,"s:223:8:223:Infinity":66,"s:224:8:224:Infinity":67,"b:229:4:234:Infinity:undefined:undefined:undefined:undefined":22,"s:229:4:234:Infinity":68,"s:230:6:233:Infinity":69,"b:232:20:232:41:232:41:232:Infinity":23,"s:236:4:239:Infinity":70,"f:245:10:245:26":7,"s:247:21:247:Infinity":71,"s:248:4:252:Infinity":72,"b:249:6:251:Infinity:undefined:undefined:undefined:undefined":24,"s:249:6:251:Infinity":73,"s:250:8:250:Infinity":74,"s:253:4:253:Infinity":75,"f:259:10:259:22":8,"b:260:4:260:Infinity:undefined:undefined:undefined:undefined":25,"s:260:4:260:Infinity":76,"s:260:22:260:Infinity":77,"b:261:4:261:Infinity:undefined:undefined:undefined:undefined":26,"s:261:4:261:Infinity":78,"s:261:29:261:Infinity":79,"s:262:4:262:Infinity":80,"f:268:16:268:35":9,"s:269:63:269:Infinity":81,"s:271:4:287:Infinity":82,"s:272:6:286:Infinity":83,"b:273:8:276:Infinity:undefined:undefined:undefined:undefined":27,"s:273:8:276:Infinity":84,"s:274:10:274:Infinity":85,"s:275:10:275:Infinity":86,"s:279:8:283:Infinity":87,"s:280:10:280:Infinity":88,"s:282:10:282:Infinity":89,"s:285:8:285:Infinity":90,"s:289:4:289:Infinity":91,"s:294:46:294:Infinity":92,"f:296:16:296:46":10,"b:297:2:299:Infinity:undefined:undefined:undefined:undefined":28,"s:297:2:299:Infinity":93,"s:298:4:298:Infinity":94,"s:300:2:300:Infinity":95}}}
,"/Users/macbook/Documents/claude_home/repo/consolidation-engine/src/database/schema.ts": {"path":"/Users/macbook/Documents/claude_home/repo/consolidation-engine/src/database/schema.ts","statementMap":{"0":{"start":{"line":15,"column":6},"end":{"line":15,"column":null}},"1":{"start":{"line":55,"column":22},"end":{"line":55,"column":null}},"2":{"start":{"line":58,"column":10},"end":{"line":58,"column":null}},"3":{"start":{"line":59,"column":4},"end":{"line":61,"column":null}},"4":{"start":{"line":60,"column":6},"end":{"line":60,"column":null}},"5":{"start":{"line":63,"column":4},"end":{"line":63,"column":null}},"6":{"start":{"line":64,"column":4},"end":{"line":64,"column":null}},"7":{"start":{"line":65,"column":4},"end":{"line":65,"column":null}},"8":{"start":{"line":66,"column":4},"end":{"line":66,"column":null}},"9":{"start":{"line":70,"column":19},"end":{"line":70,"column":null}},"10":{"start":{"line":116,"column":4},"end":{"line":116,"column":null}},"11":{"start":{"line":121,"column":17},"end":{"line":124,"column":null}},"12":{"start":{"line":125,"column":4},"end":{"line":133,"column":null}},"13":{"start":{"line":137,"column":17},"end":{"line":137,"column":null}},"14":{"start":{"line":138,"column":4},"end":{"line":138,"column":null}},"15":{"start":{"line":142,"column":4},"end":{"line":145,"column":null}},"16":{"start":{"line":143,"column":19},"end":{"line":143,"column":null}},"17":{"start":{"line":144,"column":6},"end":{"line":144,"column":null}},"18":{"start":{"line":146,"column":17},"end":{"line":146,"column":null}},"19":{"start":{"line":147,"column":4},"end":{"line":147,"column":null}},"20":{"start":{"line":151,"column":17},"end":{"line":151,"column":null}},"21":{"start":{"line":152,"column":4},"end":{"line":152,"column":null}},"22":{"start":{"line":157,"column":17},"end":{"line":160,"column":null}},"23":{"start":{"line":161,"column":4},"end":{"line":170,"column":null}},"24":{"start":{"line":174,"column":17},"end":{"line":174,"column":null}},"25":{"start":{"line":175,"column":4},"end":{"line":175,"column":null}},"26":{"start":{"line":179,"column":16},"end":{"line":179,"column":null}},"27":{"start":{"line":181,"column":4},"end":{"line":185,"column":null}},"28":{"start":{"line":182,"column":6},"end":{"line":182,"column":null}},"29":{"start":{"line":183,"column":4},"end":{"line":185,"column":null}},"30":{"start":{"line":184,"column":6},"end":{"line":184,"column":null}},"31":{"start":{"line":187,"column":4},"end":{"line":187,"column":null}},"32":{"start":{"line":189,"column":17},"end":{"line":189,"column":null}},"33":{"start":{"line":190,"column":4},"end":{"line":190,"column":null}},"34":{"start":{"line":194,"column":17},"end":{"line":194,"column":null}},"35":{"start":{"line":195,"column":4},"end":{"line":195,"column":null}},"36":{"start":{"line":200,"column":17},"end":{"line":203,"column":null}},"37":{"start":{"line":204,"column":4},"end":{"line":213,"column":null}},"38":{"start":{"line":217,"column":17},"end":{"line":217,"column":null}},"39":{"start":{"line":218,"column":4},"end":{"line":218,"column":null}},"40":{"start":{"line":222,"column":4},"end":{"line":225,"column":null}},"41":{"start":{"line":223,"column":19},"end":{"line":223,"column":null}},"42":{"start":{"line":224,"column":6},"end":{"line":224,"column":null}},"43":{"start":{"line":226,"column":17},"end":{"line":226,"column":null}},"44":{"start":{"line":227,"column":4},"end":{"line":227,"column":null}},"45":{"start":{"line":231,"column":17},"end":{"line":231,"column":null}},"46":{"start":{"line":232,"column":4},"end":{"line":232,"column":null}},"47":{"start":{"line":236,"column":17},"end":{"line":236,"column":null}},"48":{"start":{"line":237,"column":4},"end":{"line":237,"column":null}},"49":{"start":{"line":242,"column":19},"end":{"line":242,"column":null}},"50":{"start":{"line":243,"column":24},"end":{"line":243,"column":null}},"51":{"start":{"line":244,"column":23},"end":{"line":244,"column":null}},"52":{"start":{"line":245,"column":24},"end":{"line":245,"column":null}},"53":{"start":{"line":247,"column":4},"end":{"line":247,"column":null}},"54":{"start":{"line":251,"column":4},"end":{"line":251,"column":null}},"55":{"start":{"line":256,"column":41},"end":{"line":256,"column":null}},"56":{"start":{"line":259,"column":2},"end":{"line":261,"column":null}},"57":{"start":{"line":260,"column":4},"end":{"line":260,"column":null}},"58":{"start":{"line":262,"column":2},"end":{"line":262,"column":null}}},"fnMap":{"0":{"name":"(anonymous_0)","decl":{"start":{"line":53,"column":2},"end":{"line":53,"column":14}},"loc":{"start":{"line":53,"column":31},"end":{"line":67,"column":null}},"line":53},"1":{"name":"(anonymous_1)","decl":{"start":{"line":69,"column":10},"end":{"line":69,"column":35}},"loc":{"start":{"line":69,"column":35},"end":{"line":117,"column":null}},"line":69},"2":{"name":"(anonymous_2)","decl":{"start":{"line":120,"column":2},"end":{"line":120,"column":13}},"loc":{"start":{"line":120,"column":36},"end":{"line":134,"column":null}},"line":120},"3":{"name":"(anonymous_3)","decl":{"start":{"line":136,"column":2},"end":{"line":136,"column":10}},"loc":{"start":{"line":136,"column":45},"end":{"line":139,"column":null}},"line":136},"4":{"name":"(anonymous_4)","decl":{"start":{"line":141,"column":2},"end":{"line":141,"column":12}},"loc":{"start":{"line":141,"column":42},"end":{"line":148,"column":null}},"line":141},"5":{"name":"(anonymous_5)","decl":{"start":{"line":150,"column":2},"end":{"line":150,"column":19}},"loc":{"start":{"line":150,"column":66},"end":{"line":153,"column":null}},"line":150},"6":{"name":"(anonymous_6)","decl":{"start":{"line":156,"column":2},"end":{"line":156,"column":18}},"loc":{"start":{"line":156,"column":51},"end":{"line":171,"column":null}},"line":156},"7":{"name":"(anonymous_7)","decl":{"start":{"line":173,"column":2},"end":{"line":173,"column":15}},"loc":{"start":{"line":173,"column":55},"end":{"line":176,"column":null}},"line":173},"8":{"name":"(anonymous_8)","decl":{"start":{"line":178,"column":2},"end":{"line":178,"column":17}},"loc":{"start":{"line":178,"column":97},"end":{"line":191,"column":null}},"line":178},"9":{"name":"(anonymous_9)","decl":{"start":{"line":193,"column":2},"end":{"line":193,"column":25}},"loc":{"start":{"line":193,"column":61},"end":{"line":196,"column":null}},"line":193},"10":{"name":"(anonymous_10)","decl":{"start":{"line":199,"column":2},"end":{"line":199,"column":17}},"loc":{"start":{"line":199,"column":48},"end":{"line":214,"column":null}},"line":199},"11":{"name":"(anonymous_11)","decl":{"start":{"line":216,"column":2},"end":{"line":216,"column":14}},"loc":{"start":{"line":216,"column":53},"end":{"line":219,"column":null}},"line":216},"12":{"name":"(anonymous_12)","decl":{"start":{"line":221,"column":2},"end":{"line":221,"column":16}},"loc":{"start":{"line":221,"column":55},"end":{"line":228,"column":null}},"line":221},"13":{"name":"(anonymous_13)","decl":{"start":{"line":230,"column":2},"end":{"line":230,"column":45}},"loc":{"start":{"line":230,"column":45},"end":{"line":233,"column":null}},"line":230},"14":{"name":"(anonymous_14)","decl":{"start":{"line":235,"column":2},"end":{"line":235,"column":18}},"loc":{"start":{"line":235,"column":56},"end":{"line":238,"column":null}},"line":235},"15":{"name":"(anonymous_15)","decl":{"start":{"line":241,"column":2},"end":{"line":241,"column":91}},"loc":{"start":{"line":241,"column":91},"end":{"line":248,"column":null}},"line":241},"16":{"name":"(anonymous_16)","decl":{"start":{"line":250,"column":2},"end":{"line":250,"column":16}},"loc":{"start":{"line":250,"column":16},"end":{"line":252,"column":null}},"line":250},"17":{"name":"getDatabase","decl":{"start":{"line":258,"column":16},"end":{"line":258,"column":47}},"loc":{"start":{"line":258,"column":47},"end":{"line":263,"column":null}},"line":258}},"branchMap":{"0":{"loc":{"start":{"line":55,"column":22},"end":{"line":55,"column":null}},"type":"binary-expr","locations":[{"start":{"line":55,"column":22},"end":{"line":55,"column":32}},{"start":{"line":55,"column":22},"end":{"line":55,"column":null}}],"line":55},"1":{"loc":{"start":{"line":59,"column":4},"end":{"line":61,"column":null}},"type":"if","locations":[{"start":{"line":59,"column":4},"end":{"line":61,"column":null}},{"start":{},"end":{}}],"line":59},"2":{"loc":{"start":{"line":142,"column":4},"end":{"line":145,"column":null}},"type":"if","locations":[{"start":{"line":142,"column":4},"end":{"line":145,"column":null}},{"start":{},"end":{}}],"line":142},"3":{"loc":{"start":{"line":178,"column":59},"end":{"line":178,"column":97}},"type":"default-arg","locations":[{"start":{"line":178,"column":75},"end":{"line":178,"column":97}}],"line":178},"4":{"loc":{"start":{"line":181,"column":4},"end":{"line":185,"column":null}},"type":"if","locations":[{"start":{"line":181,"column":4},"end":{"line":185,"column":null}},{"start":{"line":183,"column":4},"end":{"line":185,"column":null}}],"line":181},"5":{"loc":{"start":{"line":183,"column":4},"end":{"line":185,"column":null}},"type":"if","locations":[{"start":{"line":183,"column":4},"end":{"line":185,"column":null}},{"start":{},"end":{}}],"line":183},"6":{"loc":{"start":{"line":195,"column":13},"end":{"line":195,"column":30}},"type":"cond-expr","locations":[{"start":{"line":195,"column":23},"end":{"line":195,"column":27}},{"start":{"line":195,"column":27},"end":{"line":195,"column":30}}],"line":195},"7":{"loc":{"start":{"line":222,"column":4},"end":{"line":225,"column":null}},"type":"if","locations":[{"start":{"line":222,"column":4},"end":{"line":225,"column":null}},{"start":{},"end":{}}],"line":222},"8":{"loc":{"start":{"line":259,"column":2},"end":{"line":261,"column":null}},"type":"if","locations":[{"start":{"line":259,"column":2},"end":{"line":261,"column":null}},{"start":{},"end":{}}],"line":259}},"s":{"0":3,"1":23,"2":23,"3":23,"4":0,"5":23,"6":23,"7":23,"8":23,"9":23,"10":23,"11":10,"12":10,"13":7,"14":7,"15":5,"16":2,"17":2,"18":3,"19":3,"20":3,"21":3,"22":14,"23":14,"24":2,"25":2,"26":8,"27":8,"28":2,"29":6,"30":1,"31":8,"32":8,"33":8,"34":1,"35":1,"36":12,"37":12,"38":10,"39":10,"40":5,"41":1,"42":1,"43":4,"44":4,"45":3,"46":3,"47":6,"48":6,"49":5,"50":5,"51":5,"52":5,"53":5,"54":21,"55":3,"56":14,"57":2,"58":14},"f":{"0":23,"1":23,"2":10,"3":7,"4":5,"5":3,"6":14,"7":2,"8":8,"9":1,"10":12,"11":10,"12":5,"13":3,"14":6,"15":5,"16":21,"17":14},"b":{"0":[23,2],"1":[0,23],"2":[2,3],"3":[8],"4":[2,6],"5":[1,5],"6":[0,1],"7":[1,4],"8":[2,12]},"meta":{"lastBranch":9,"lastFunction":18,"lastStatement":59,"seen":{"s:15:6:15:Infinity":0,"f:53:2:53:14":0,"s:55:22:55:Infinity":1,"b:55:22:55:32:55:22:55:Infinity":0,"s:58:10:58:Infinity":2,"b:59:4:61:Infinity:undefined:undefined:undefined:undefined":1,"s:59:4:61:Infinity":3,"s:60:6:60:Infinity":4,"s:63:4:63:Infinity":5,"s:64:4:64:Infinity":6,"s:65:4:65:Infinity":7,"s:66:4:66:Infinity":8,"f:69:10:69:35":1,"s:70:19:70:Infinity":9,"s:116:4:116:Infinity":10,"f:120:2:120:13":2,"s:121:17:124:Infinity":11,"s:125:4:133:Infinity":12,"f:136:2:136:10":3,"s:137:17:137:Infinity":13,"s:138:4:138:Infinity":14,"f:141:2:141:12":4,"b:142:4:145:Infinity:undefined:undefined:undefined:undefined":2,"s:142:4:145:Infinity":15,"s:143:19:143:Infinity":16,"s:144:6:144:Infinity":17,"s:146:17:146:Infinity":18,"s:147:4:147:Infinity":19,"f:150:2:150:19":5,"s:151:17:151:Infinity":20,"s:152:4:152:Infinity":21,"f:156:2:156:18":6,"s:157:17:160:Infinity":22,"s:161:4:170:Infinity":23,"f:173:2:173:15":7,"s:174:17:174:Infinity":24,"s:175:4:175:Infinity":25,"f:178:2:178:17":8,"b:178:75:178:97":3,"s:179:16:179:Infinity":26,"b:181:4:185:Infinity:183:4:185:Infinity":4,"s:181:4:185:Infinity":27,"s:182:6:182:Infinity":28,"b:183:4:185:Infinity:undefined:undefined:undefined:undefined":5,"s:183:4:185:Infinity":29,"s:184:6:184:Infinity":30,"s:187:4:187:Infinity":31,"s:189:17:189:Infinity":32,"s:190:4:190:Infinity":33,"f:193:2:193:25":9,"s:194:17:194:Infinity":34,"s:195:4:195:Infinity":35,"b:195:23:195:27:195:27:195:30":6,"f:199:2:199:17":10,"s:200:17:203:Infinity":36,"s:204:4:213:Infinity":37,"f:216:2:216:14":11,"s:217:17:217:Infinity":38,"s:218:4:218:Infinity":39,"f:221:2:221:16":12,"b:222:4:225:Infinity:undefined:undefined:undefined:undefined":7,"s:222:4:225:Infinity":40,"s:223:19:223:Infinity":41,"s:224:6:224:Infinity":42,"s:226:17:226:Infinity":43,"s:227:4:227:Infinity":44,"f:230:2:230:45":13,"s:231:17:231:Infinity":45,"s:232:4:232:Infinity":46,"f:235:2:235:18":14,"s:236:17:236:Infinity":47,"s:237:4:237:Infinity":48,"f:241:2:241:91":15,"s:242:19:242:Infinity":49,"s:243:24:243:Infinity":50,"s:244:23:244:Infinity":51,"s:245:24:245:Infinity":52,"s:247:4:247:Infinity":53,"f:250:2:250:16":16,"s:251:4:251:Infinity":54,"s:256:41:256:Infinity":55,"f:258:16:258:47":17,"b:259:2:261:Infinity:undefined:undefined:undefined:undefined":8,"s:259:2:261:Infinity":56,"s:260:4:260:Infinity":57,"s:262:2:262:Infinity":58}}}
,"/Users/macbook/Documents/claude_home/repo/consolidation-engine/src/http/server.ts": {"path":"/Users/macbook/Documents/claude_home/repo/consolidation-engine/src/http/server.ts","statementMap":{"0":{"start":{"line":17,"column":34},"end":{"line":17,"column":null}},"1":{"start":{"line":21,"column":4},"end":{"line":21,"column":null}},"2":{"start":{"line":22,"column":4},"end":{"line":22,"column":null}},"3":{"start":{"line":23,"column":4},"end":{"line":23,"column":null}},"4":{"start":{"line":24,"column":4},"end":{"line":24,"column":null}},"5":{"start":{"line":28,"column":4},"end":{"line":28,"column":null}},"6":{"start":{"line":31,"column":4},"end":{"line":40,"column":null}},"7":{"start":{"line":32,"column":6},"end":{"line":32,"column":null}},"8":{"start":{"line":33,"column":6},"end":{"line":33,"column":null}},"9":{"start":{"line":34,"column":6},"end":{"line":34,"column":null}},"10":{"start":{"line":35,"column":6},"end":{"line":38,"column":null}},"11":{"start":{"line":36,"column":8},"end":{"line":36,"column":null}},"12":{"start":{"line":37,"column":8},"end":{"line":37,"column":null}},"13":{"start":{"line":39,"column":6},"end":{"line":39,"column":null}},"14":{"start":{"line":45,"column":4},"end":{"line":54,"column":null}},"15":{"start":{"line":46,"column":12},"end":{"line":46,"column":null}},"16":{"start":{"line":47,"column":20},"end":{"line":47,"column":null}},"17":{"start":{"line":48,"column":6},"end":{"line":53,"column":null}},"18":{"start":{"line":57,"column":4},"end":{"line":65,"column":null}},"19":{"start":{"line":58,"column":6},"end":{"line":64,"column":null}},"20":{"start":{"line":59,"column":14},"end":{"line":59,"column":null}},"21":{"start":{"line":60,"column":23},"end":{"line":60,"column":null}},"22":{"start":{"line":61,"column":8},"end":{"line":61,"column":null}},"23":{"start":{"line":63,"column":8},"end":{"line":63,"column":null}},"24":{"start":{"line":67,"column":4},"end":{"line":82,"column":null}},"25":{"start":{"line":68,"column":6},"end":{"line":81,"column":null}},"26":{"start":{"line":69,"column":14},"end":{"line":69,"column":null}},"27":{"start":{"line":70,"column":21},"end":{"line":70,"column":null}},"28":{"start":{"line":71,"column":8},"end":{"line":74,"column":null}},"29":{"start":{"line":72,"column":10},"end":{"line":72,"column":null}},"30":{"start":{"line":73,"column":10},"end":{"line":73,"column":null}},"31":{"start":{"line":75,"column":8},"end":{"line":78,"column":null}},"32":{"start":{"line":80,"column":8},"end":{"line":80,"column":null}},"33":{"start":{"line":84,"column":4},"end":{"line":98,"column":null}},"34":{"start":{"line":85,"column":6},"end":{"line":97,"column":null}},"35":{"start":{"line":86,"column":14},"end":{"line":86,"column":null}},"36":{"start":{"line":87,"column":23},"end":{"line":87,"column":null}},"37":{"start":{"line":88,"column":22},"end":{"line":88,"column":null}},"38":{"start":{"line":89,"column":8},"end":{"line":94,"column":null}},"39":{"start":{"line":90,"column":33},"end":{"line":93,"column":12}},"40":{"start":{"line":96,"column":8},"end":{"line":96,"column":null}},"41":{"start":{"line":100,"column":4},"end":{"line":108,"column":null}},"42":{"start":{"line":101,"column":6},"end":{"line":107,"column":null}},"43":{"start":{"line":102,"column":14},"end":{"line":102,"column":null}},"44":{"start":{"line":103,"column":23},"end":{"line":103,"column":null}},"45":{"start":{"line":104,"column":8},"end":{"line":104,"column":null}},"46":{"start":{"line":106,"column":8},"end":{"line":106,"column":null}},"47":{"start":{"line":111,"column":4},"end":{"line":119,"column":null}},"48":{"start":{"line":112,"column":6},"end":{"line":118,"column":null}},"49":{"start":{"line":113,"column":14},"end":{"line":113,"column":null}},"50":{"start":{"line":114,"column":23},"end":{"line":114,"column":null}},"51":{"start":{"line":115,"column":8},"end":{"line":115,"column":null}},"52":{"start":{"line":117,"column":8},"end":{"line":117,"column":null}},"53":{"start":{"line":122,"column":4},"end":{"line":131,"column":null}},"54":{"start":{"line":123,"column":6},"end":{"line":130,"column":null}},"55":{"start":{"line":124,"column":14},"end":{"line":124,"column":null}},"56":{"start":{"line":125,"column":28},"end":{"line":125,"column":null}},"57":{"start":{"line":126,"column":26},"end":{"line":126,"column":null}},"58":{"start":{"line":127,"column":8},"end":{"line":127,"column":null}},"59":{"start":{"line":129,"column":8},"end":{"line":129,"column":null}},"60":{"start":{"line":133,"column":4},"end":{"line":144,"column":null}},"61":{"start":{"line":134,"column":6},"end":{"line":143,"column":null}},"62":{"start":{"line":135,"column":14},"end":{"line":135,"column":null}},"63":{"start":{"line":136,"column":23},"end":{"line":139,"column":null}},"64":{"start":{"line":140,"column":8},"end":{"line":140,"column":null}},"65":{"start":{"line":142,"column":8},"end":{"line":142,"column":null}},"66":{"start":{"line":147,"column":4},"end":{"line":163,"column":null}},"67":{"start":{"line":148,"column":6},"end":{"line":162,"column":null}},"68":{"start":{"line":149,"column":14},"end":{"line":149,"column":null}},"69":{"start":{"line":150,"column":22},"end":{"line":150,"column":null}},"70":{"start":{"line":151,"column":24},"end":{"line":151,"column":null}},"71":{"start":{"line":152,"column":27},"end":{"line":152,"column":null}},"72":{"start":{"line":153,"column":8},"end":{"line":159,"column":null}},"73":{"start":{"line":154,"column":44},"end":{"line":158,"column":12}},"74":{"start":{"line":161,"column":8},"end":{"line":161,"column":null}},"75":{"start":{"line":166,"column":4},"end":{"line":177,"column":null}},"76":{"start":{"line":167,"column":6},"end":{"line":176,"column":null}},"77":{"start":{"line":168,"column":14},"end":{"line":168,"column":null}},"78":{"start":{"line":169,"column":14},"end":{"line":169,"column":null}},"79":{"start":{"line":170,"column":8},"end":{"line":173,"column":null}},"80":{"start":{"line":175,"column":8},"end":{"line":175,"column":null}},"81":{"start":{"line":181,"column":4},"end":{"line":194,"column":null}},"82":{"start":{"line":182,"column":6},"end":{"line":193,"column":null}},"83":{"start":{"line":183,"column":8},"end":{"line":186,"column":null}},"84":{"start":{"line":184,"column":10},"end":{"line":184,"column":null}},"85":{"start":{"line":185,"column":10},"end":{"line":185,"column":null}},"86":{"start":{"line":188,"column":8},"end":{"line":190,"column":null}},"87":{"start":{"line":189,"column":10},"end":{"line":189,"column":null}},"88":{"start":{"line":192,"column":8},"end":{"line":192,"column":null}},"89":{"start":{"line":198,"column":4},"end":{"line":207,"column":null}},"90":{"start":{"line":199,"column":6},"end":{"line":206,"column":null}},"91":{"start":{"line":200,"column":8},"end":{"line":203,"column":null}},"92":{"start":{"line":201,"column":10},"end":{"line":201,"column":null}},"93":{"start":{"line":202,"column":10},"end":{"line":202,"column":null}},"94":{"start":{"line":205,"column":8},"end":{"line":205,"column":null}}},"fnMap":{"0":{"name":"(anonymous_0)","decl":{"start":{"line":20,"column":2},"end":{"line":20,"column":14}},"loc":{"start":{"line":20,"column":28},"end":{"line":25,"column":null}},"line":20},"1":{"name":"(anonymous_1)","decl":{"start":{"line":27,"column":10},"end":{"line":27,"column":34}},"loc":{"start":{"line":27,"column":34},"end":{"line":41,"column":null}},"line":27},"2":{"name":"(anonymous_2)","decl":{"start":{"line":31,"column":17},"end":{"line":31,"column":18}},"loc":{"start":{"line":31,"column":70},"end":{"line":40,"column":5}},"line":31},"3":{"name":"(anonymous_3)","decl":{"start":{"line":43,"column":10},"end":{"line":43,"column":30}},"loc":{"start":{"line":43,"column":30},"end":{"line":178,"column":null}},"line":43},"4":{"name":"(anonymous_4)","decl":{"start":{"line":45,"column":28},"end":{"line":45,"column":29}},"loc":{"start":{"line":45,"column":61},"end":{"line":54,"column":5}},"line":45},"5":{"name":"(anonymous_5)","decl":{"start":{"line":57,"column":32},"end":{"line":57,"column":39}},"loc":{"start":{"line":57,"column":71},"end":{"line":65,"column":5}},"line":57},"6":{"name":"(anonymous_6)","decl":{"start":{"line":67,"column":35},"end":{"line":67,"column":36}},"loc":{"start":{"line":67,"column":68},"end":{"line":82,"column":5}},"line":67},"7":{"name":"(anonymous_7)","decl":{"start":{"line":84,"column":31},"end":{"line":84,"column":32}},"loc":{"start":{"line":84,"column":64},"end":{"line":98,"column":5}},"line":84},"8":{"name":"(anonymous_8)","decl":{"start":{"line":90,"column":27},"end":{"line":90,"column":33}},"loc":{"start":{"line":90,"column":33},"end":{"line":93,"column":12}},"line":90},"9":{"name":"(anonymous_9)","decl":{"start":{"line":100,"column":45},"end":{"line":100,"column":52}},"loc":{"start":{"line":100,"column":84},"end":{"line":108,"column":5}},"line":100},"10":{"name":"(anonymous_10)","decl":{"start":{"line":111,"column":32},"end":{"line":111,"column":39}},"loc":{"start":{"line":111,"column":71},"end":{"line":119,"column":5}},"line":111},"11":{"name":"(anonymous_11)","decl":{"start":{"line":122,"column":35},"end":{"line":122,"column":36}},"loc":{"start":{"line":122,"column":68},"end":{"line":131,"column":5}},"line":122},"12":{"name":"(anonymous_12)","decl":{"start":{"line":133,"column":48},"end":{"line":133,"column":55}},"loc":{"start":{"line":133,"column":87},"end":{"line":144,"column":5}},"line":133},"13":{"name":"(anonymous_13)","decl":{"start":{"line":147,"column":33},"end":{"line":147,"column":34}},"loc":{"start":{"line":147,"column":66},"end":{"line":163,"column":5}},"line":147},"14":{"name":"(anonymous_14)","decl":{"start":{"line":154,"column":37},"end":{"line":154,"column":44}},"loc":{"start":{"line":154,"column":44},"end":{"line":158,"column":12}},"line":154},"15":{"name":"(anonymous_15)","decl":{"start":{"line":166,"column":31},"end":{"line":166,"column":32}},"loc":{"start":{"line":166,"column":64},"end":{"line":177,"column":5}},"line":166},"16":{"name":"(anonymous_16)","decl":{"start":{"line":18
[...]
,"/Users/macbook/Documents/claude_home/repo/consolidation-engine/src/tools/create-merge-plan.ts": {"path":"/Users/macbook/Documents/claude_home/repo/consolidation-engine/src/tools/create-merge-plan.ts","statementMap":{"0":{"start":{"line":11,"column":40},"end":{"line":16,"column":null}},"1":{"start":{"line":20,"column":44},"end":{"line":38,"column":null}},"2":{"start":{"line":41,"column":16},"end":{"line":41,"column":null}},"3":{"start":{"line":42,"column":8},"end":{"line":42,"column":null}},"4":{"start":{"line":43,"column":2},"end":{"line":43,"column":null}}},"fnMap":{"0":{"name":"handleCreateMergePlan","decl":{"start":{"line":40,"column":22},"end":{"line":40,"column":44}},"loc":{"start":{"line":40,"column":77},"end":{"line":44,"column":null}},"line":40}},"branchMap":{},"s":{"0":1,"1":1,"2":3,"3":3,"4":3},"f":{"0":3},"b":{},"meta":{"lastBranch":0,"lastFunction":1,"lastStatement":5,"seen":{"s:11:40:16:Infinity":0,"s:20:44:38:Infinity":1,"f:40:22:40:44":0,"s:41:16:41:Infinity":2,"s:42:8:42:Infinity":3,"s:43:2:43:Infinity":4}}}
,"/Users/macbook/Documents/claude_home/repo/consolidation-engine/src/tools/detect-conflicts.ts": {"path":"/Users/macbook/Documents/claude_home/repo/consolidation-engine/src/tools/detect-conflicts.ts","statementMap":{"0":{"start":{"line":11,"column":39},"end":{"line":13,"column":null}},"1":{"start":{"line":17,"column":43},"end":{"line":32,"column":null}},"2":{"start":{"line":35,"column":16},"end":{"line":35,"column":null}},"3":{"start":{"line":36,"column":8},"end":{"line":36,"column":null}},"4":{"start":{"line":37,"column":2},"end":{"line":37,"column":null}}},"fnMap":{"0":{"name":"handleDetectConflicts","decl":{"start":{"line":34,"column":22},"end":{"line":34,"column":44}},"loc":{"start":{"line":34,"column":77},"end":{"line":38,"column":null}},"line":34}},"branchMap":{},"s":{"0":1,"1":1,"2":5,"3":5,"4":5},"f":{"0":5},"b":{},"meta":{"lastBranch":0,"lastFunction":1,"lastStatement":5,"seen":{"s:11:39:13:Infinity":0,"s:17:43:32:Infinity":1,"f:34:22:34:44":0,"s:35:16:35:Infinity":2,"s:36:8:36:Infinity":3,"s:37:2:37:Infinity":4}}}
,"/Users/macbook/Documents/claude_home/repo/consolidation-engine/src/tools/get-merge-history.ts": {"path":"/Users/macbook/Documents/claude_home/repo/consolidation-engine/src/tools/get-merge-history.ts","statementMap":{"0":{"start":{"line":11,"column":40},"end":{"line":14,"column":null}},"1":{"start":{"line":18,"column":44},"end":{"line":39,"column":null}},"2":{"start":{"line":42,"column":16},"end":{"line":42,"column":null}},"3":{"start":{"line":43,"column":8},"end":{"line":43,"column":null}},"4":{"start":{"line":45,"column":21},"end":{"line":45,"column":null}},"5":{"start":{"line":48,"column":2},"end":{"line":58,"column":null}},"6":{"start":{"line":49,"column":38},"end":{"line":57,"column":6}}},"fnMap":{"0":{"name":"handleGetMergeHistory","decl":{"start":{"line":41,"column":22},"end":{"line":41,"column":44}},"loc":{"start":{"line":41,"column":77},"end":{"line":59,"column":null}},"line":41},"1":{"name":"(anonymous_1)","decl":{"start":{"line":49,"column":31},"end":{"line":49,"column":38}},"loc":{"start":{"line":49,"column":38},"end":{"line":57,"column":6}},"line":49}},"branchMap":{"0":{"loc":{"start":{"line":42,"column":47},"end":{"line":42,"column":57}},"type":"binary-expr","locations":[{"start":{"line":42,"column":47},"end":{"line":42,"column":55}},{"start":{"line":42,"column":55},"end":{"line":42,"column":57}}],"line":42}},"s":{"0":1,"1":1,"2":6,"3":6,"4":6,"5":6,"6":12},"f":{"0":6,"1":12},"b":{"0":[6,0]},"meta":{"lastBranch":1,"lastFunction":2,"lastStatement":7,"seen":{"s:11:40:14:Infinity":0,"s:18:44:39:Infinity":1,"f:41:22:41:44":0,"s:42:16:42:Infinity":2,"b:42:47:42:55:42:55:42:57":0,"s:43:8:43:Infinity":3,"s:45:21:45:Infinity":4,"s:48:2:58:Infinity":5,"f:49:31:49:38":1,"s:49:38:57:6":6}}}
,"/Users/macbook/Documents/claude_home/repo/consolidation-engine/src/tools/merge-documents.ts": {"path":"/Users/macbook/Documents/claude_home/repo/consolidation-engine/src/tools/merge-documents.ts","statementMap":{"0":{"start":{"line":11,"column":38},"end":{"line":17,"column":null}},"1":{"start":{"line":21,"column":42},"end":{"line":45,"column":null}},"2":{"start":{"line":48,"column":16},"end":{"line":48,"column":null}},"3":{"start":{"line":49,"column":8},"end":{"line":49,"column":null}},"4":{"start":{"line":50,"column":2},"end":{"line":50,"column":null}}},"fnMap":{"0":{"name":"handleMergeDocuments","decl":{"start":{"line":47,"column":22},"end":{"line":47,"column":43}},"loc":{"start":{"line":47,"column":76},"end":{"line":51,"column":null}},"line":47}},"branchMap":{},"s":{"0":1,"1":1,"2":5,"3":5,"4":5},"f":{"0":5},"b":{},"meta":{"lastBranch":0,"lastFunction":1,"lastStatement":5,"seen":{"s:11:38:17:Infinity":0,"s:21:42:45:Infinity":1,"f:47:22:47:43":0,"s:48:16:48:Infinity":2,"s:49:8:49:Infinity":3,"s:50:2:50:Infinity":4}}}
,"/Users/macbook/Documents/claude_home/repo/consolidation-engine/src/tools/resolve-conflicts.ts": {"path":"/Users/macbook/Documents/claude_home/repo/consolidation-engine/src/tools/resolve-conflicts.ts","statementMap":{"0":{"start":{"line":11,"column":40},"end":{"line":17,"column":null}},"1":{"start":{"line":21,"column":44},"end":{"line":43,"column":null}},"2":{"start":{"line":46,"column":16},"end":{"line":46,"column":null}},"3":{"start":{"line":47,"column":8},"end":{"line":47,"column":null}},"4":{"start":{"line":48,"column":2},"end":{"line":48,"column":null}}},"fnMap":{"0":{"name":"handleResolveConflicts","decl":{"start":{"line":45,"column":22},"end":{"line":45,"column":45}},"loc":{"start":{"line":45,"column":78},"end":{"line":49,"column":null}},"line":45}},"branchMap":{},"s":{"0":1,"1":1,"2":6,"3":6,"4":6},"f":{"0":6},"b":{},"meta":{"lastBranch":0,"lastFunction":1,"lastStatement":5,"seen":{"s:11:40:17:Infinity":0,"s:21:44:43:Infinity":1,"f:45:22:45:45":0,"s:46:16:46:Infinity":2,"s:47:8:47:Infinity":3,"s:48:2:48:Infinity":4}}}
,"/Users/macbook/Documents/claude_home/repo/consolidation-engine/src/tools/validate-plan.ts": {"path":"/Users/macbook/Documents/claude_home/repo/consolidation-engine/src/tools/validate-plan.ts","statementMap":{"0":{"start":{"line":11,"column":36},"end":{"line":13,"column":null}},"1":{"start":{"line":17,"column":40},"end":{"line":30,"column":null}},"2":{"start":{"line":33,"column":16},"end":{"line":33,"column":null}},"3":{"start":{"line":34,"column":8},"end":{"line":34,"column":null}},"4":{"start":{"line":35,"column":2},"end":{"line":35,"column":null}}},"fnMap":{"0":{"name":"handleValidatePlan","decl":{"start":{"line":32,"column":22},"end":{"line":32,"column":41}},"loc":{"start":{"line":32,"column":74},"end":{"line":36,"column":null}},"line":32}},"branchMap":{},"s":{"0":1,"1":1,"2":4,"3":4,"4":4},"f":{"0":4},"b":{},"meta":{"lastBranch":0,"lastFunction":1,"lastStatement":5,"seen":{"s:11:36:13:Infinity":0,"s:17:40:30:Infinity":1,"f:32:22:32:41":0,"s:33:16:33:Infinity":2,"s:34:8:34:Infinity":3,"s:35:2:35:Infinity":4}}}
,"/Users/macbook/Documents/claude_home/repo/consolidation-engine/src/websocket/server.ts": {"path":"/Users/macbook/Documents/claude_home/repo/consolidation-engine/src/websocket/server.ts","statementMap":{"0":{"start":{"line":28,"column":40},"end":{"line":28,"column":null}},"1":{"start":{"line":30,"column":36},"end":{"line":30,"column":null}},"2":{"start":{"line":33,"column":4},"end":{"line":33,"column":null}},"3":{"start":{"line":37,"column":4},"end":{"line":88,"column":null}},"4":{"start":{"line":38,"column":6},"end":{"line":87,"column":null}},"5":{"start":{"line":39,"column":8},"end":{"line":39,"column":null}},"6":{"start":{"line":41,"column":8},"end":{"line":75,"column":null}},"7":{"start":{"line":42,"column":10},"end":{"line":42,"column":null}},"8":{"start":{"line":43,"column":10},"end":{"line":43,"column":null}},"9":{"start":{"line":46,"column":10},"end":{"line":50,"column":null}},"10":{"start":{"line":52,"column":10},"end":{"line":55,"column":null}},"11":{"start":{"line":53,"column":12},"end":{"line":53,"column":null}},"12":{"start":{"line":54,"column":12},"end":{"line":54,"column":null}},"13":{"start":{"line":57,"column":10},"end":{"line":60,"column":null}},"14":{"start":{"line":58,"column":12},"end":{"line":58,"column":null}},"15":{"start":{"line":59,"column":12},"end":{"line":59,"column":null}},"16":{"start":{"line":63,"column":10},"end":{"line":74,"column":null}},"17":{"start":{"line":64,"column":12},"end":{"line":73,"column":null}},"18":{"start":{"line":65,"column":27},"end":{"line":65,"column":null}},"19":{"start":{"line":66,"column":14},"end":{"line":66,"column":null}},"20":{"start":{"line":68,"column":14},"end":{"line":72,"column":null}},"21":{"start":{"line":77,"column":8},"end":{"line":80,"column":null}},"22":{"start":{"line":78,"column":10},"end":{"line":78,"column":null}},"23":{"start":{"line":79,"column":10},"end":{"line":79,"column":null}},"24":{"start":{"line":82,"column":8},"end":{"line":84,"column":null}},"25":{"start":{"line":83,"column":10},"end":{"line":83,"column":null}},"26":{"start":{"line":86,"column":8},"end":{"line":86,"column":null}},"27":{"start":{"line":92,"column":4},"end":{"line":116,"column":null}},"28":{"start":{"line":95,"column":8},"end":{"line":99,"column":null}},"29":{"start":{"line":100,"column":8},"end":{"line":100,"column":null}},"30":{"start":{"line":103,"column":8},"end":{"line":107,"column":null}},"31":{"start":{"line":108,"column":8},"end":{"line":108,"column":null}},"32":{"start":{"line":111,"column":8},"end":{"line":115,"column":null}},"33":{"start":{"line":120,"column":4},"end":{"line":122,"column":null}},"34":{"start":{"line":121,"column":6},"end":{"line":121,"column":null}},"35":{"start":{"line":129,"column":34},"end":{"line":133,"column":null}},"36":{"start":{"line":135,"column":20},"end":{"line":135,"column":null}},"37":{"start":{"line":136,"column":4},"end":{"line":140,"column":null}},"38":{"start":{"line":137,"column":6},"end":{"line":139,"column":null}},"39":{"start":{"line":138,"column":8},"end":{"line":138,"column":null}},"40":{"start":{"line":147,"column":4},"end":{"line":147,"column":null}},"41":{"start":{"line":154,"column":4},"end":{"line":154,"column":null}},"42":{"start":{"line":161,"column":4},"end":{"line":161,"column":null}},"43":{"start":{"line":168,"column":4},"end":{"line":168,"column":null}},"44":{"start":{"line":175,"column":4},"end":{"line":175,"column":null}},"45":{"start":{"line":182,"column":4},"end":{"line":182,"column":null}},"46":{"start":{"line":189,"column":4},"end":{"line":189,"column":null}},"47":{"start":{"line":196,"column":4},"end":{"line":196,"column":null}},"48":{"start":{"line":200,"column":4},"end":{"line":215,"column":null}},"49":{"start":{"line":201,"column":6},"end":{"line":214,"column":null}},"50":{"start":{"line":203,"column":8},"end":{"line":205,"column":null}},"51":{"start":{"line":204,"column":10},"end":{"line":204,"column":null}},"52":{"start":{"line":206,"column":8},"end":{"line":206,"column":null}},"53":{"start":{"line":208,"column":8},"end":{"line":211,"column":null}},"54":{"start":{"line":209,"column":10},"end":{"line":209,"column":null}},"55":{"start":{"line":210,"column":10},"end":{"line":210,"column":null}},"56":{"start":{"line":213,"column":8},"end":{"line":213,"column":null}}},"fnMap":{"0":{"name":"(anonymous_0)","decl":{"start":{"line":32,"column":2},"end":{"line":32,"column":14}},"loc":{"start":{"line":32,"column":28},"end":{"line":34,"column":null}},"line":32},"1":{"name":"(anonymous_1)","decl":{"start":{"line":36,"column":8},"end":{"line":36,"column":31}},"loc":{"start":{"line":36,"column":31},"end":{"line":89,"column":null}},"line":36},"2":{"name":"(anonymous_2)","decl":{"start":{"line":37,"column":23},"end":{"line":37,"column":24}},"loc":{"start":{"line":37,"column":44},"end":{"line":88,"column":5}},"line":37},"3":{"name":"(anonymous_3)","decl":{"start":{"line":41,"column":34},"end":{"line":41,"column":35}},"loc":{"start":{"line":41,"column":53},"end":{"line":75,"column":9}},"line":41},"4":{"name":"(anonymous_4)","decl":{"start":{"line":52,"column":25},"end":{"line":52,"column":31}},"loc":{"start":{"line":52,"column":31},"end":{"line":55,"column":11}},"line":52},"5":{"name":"(anonymous_5)","decl":{"start":{"line":57,"column":25},"end":{"line":57,"column":26}},"loc":{"start":{"line":57,"column":36},"end":{"line":60,"column":11}},"line":57},"6":{"name":"(anonymous_6)","decl":{"start":{"line":63,"column":27},"end":{"line":63,"column":28}},"loc":{"start":{"line":63,"column":48},"end":{"line":74,"column":11}},"line":63},"7":{"name":"(anonymous_7)","decl":{"start":{"line":77,"column":33},"end":{"line":77,"column":39}},"loc":{"start":{"line":77,"column":39},"end":{"line":80,"column":9}},"line":77},"8":{"name":"(anonymous_8)","decl":{"start":{"line":82,"column":29},"end":{"line":82,"column":30}},"loc":{"start":{"line":82,"column":40},"end":{"line":84,"column":9}},"line":82},"9":{"name":"(anonymous_9)","decl":{"start":{"line":91,"column":10},"end":{"line":91,"column":24}},"loc":{"start":{"line":91,"column":88},"end":{"line":117,"column":null}},"line":91},"10":{"name":"(anonymous_10)","decl":{"start":{"line":119,"column":10},"end":{"line":119,"column":17}},"loc":{"start":{"line":119,"column":61},"end":{"line":123,"column":null}},"line":119},"11":{"name":"(anonymous_11)","decl":{"start":{"line":128,"column":2},"end":{"line":128,"column":12}},"loc":{"start":{"line":128,"column":50},"end":{"line":141,"column":null}},"line":128},"12":{"name":"(anonymous_12)","decl":{"start":{"line":146,"column":2},"end":{"line":146,"column":18}},"loc":{"start":{"line":146,"column":59},"end":{"line":148,"column":null}},"line":146},"13":{"name":"(anonymous_13)","decl":{"start":{"line":153,"column":2},"end":{"line":153,"column":20}},"loc":{"start":{"line":153,"column":77},"end":{"line":155,"column":null}},"line":153},"14":{"name":"(anonymous_14)","decl":{"start":{"line":160,"column":2},"end":{"line":160,"column":19}},"loc":{"start":{"line":160,"column":63},"end":{"line":162,"column":null}},"line":160},"15":{"name":"(anonymous_15)","decl":{"start":{"line":167,"column":2},"end":{"line":167,"column":20}},"loc":{"start":{"line":167,"column":65},"end":{"line":169,"column":null}},"line":167},"16":{"name":"(anonymous_16)","decl":{"start":{"line":174,"column":2},"end":{"line":174,"column":20}},"loc":{"start":{"line":174,"column":67},"end":{"line":176,"column":null}},"line":174},"17":{"name":"(anonymous_17)","decl":{"start":{"line":181,"column":2},"end":{"line":181,"column":23}},"loc":{"start":{"line":181,"column":81},"end":{"line":183,"column":null}},"line":181},"18":{"name":"(anonymous_18)","decl":{"start":{"line":188,"column":2},"end":{"line":188,"column":23}},"loc":{"start":{"line":188,"column":69},"end":{"line":190,"column":null}},"line":188},"19":{"name":"(anonymous_19)","decl":{"start":{"line":195,"column":2},"end":{"line":195,"column":27}},"loc":{"start":{"line":195,"column":27},"end":{"line":197,"column":null}},"line":195},"20":{"name":"(anonymous_20)","decl":{"start":{"line":199,"column":8},"end":{"line":199,"column":30}},"loc":{"start":{"line":199,"column":30},"end":{"line":216,"column":null}},"line":199},"21":{"name":"(anonymous_21)","decl":{"start":{"line":200,"column":23},"end":{"line":200,"column":24}},"loc":{"start":{"line":200,"column":36},"end":{"line":215,"column":5}},"line":200},"22":{"name":"(anonymous_22)","decl":{"start":{"line":208,"column":23},"end":{"line":208,"column":29}},"loc":{"start":{"line":208,"column":29},"end":{"line":211,"column":9}},"line":208}},"branchMap":{"0":{"loc":{"start":{"line":92,"column":4},"end":{"line":116,"column":null}},"type":"switch","locations":[{"start":{"line":93,"column":6},"end":{"line":100,"column":null}},{"start":{"line":102,"column":6},"end":{"line":108,"column":null}},{"start":{"line":110,"column":6},"end":{"line":115,"column":null}}],"line":92},"1":{"loc":{"start":{"line":120,"column":4},"end":{"line":122,"column":null}},"type":"if","locations":[{"start":{"line":120,"column":4},"end":{"line":122,"column":null}},{"start":{},"end":{}}],"line":120},"2":{"loc":{"start":{"line":137,"column":6},"end":{"line":139,"column":null}},"type":"if","locations":[{"start":{"line":137,"column":6},"end":{"line":139,"column":null}},{"start":{},"end":{}}],"line":137},"3":{"loc":{"start":{"line":201,"column":6},"end":{"line":214,"column":null}},"type":"if","locations":[{"start":{"line":201,"column":6},"end":{"line":214,"column":null}},{"start":{"line":212,"column":13},"end":{"line":214,"column":null}}],"line":201}},"s":{"0":1,"1":1,"2":1,"3":1,"4":1,"5":1,"6":1,"7":11,"8":11,"9":11,"10":11,"11":11,"12":11,"13":11,"14":0,"15":0,"16":11,"17":3,"18":3,"19":3,"20":0,"21":1,"22":1,"23":1,"24":1,"25":0,"26":0,"27":3,"28":1,"29":1,"30":1,"31":1,"32":1,"33":14,"34":14,"35":3,"36":3,"37":3,"38":4,"39":4,"40":0,"41":0,"42":1,"43":0,"44":1,"45":0,"46":0,"47":2,"48":1,"49":1,"50":1,"51":1,"52":1,"53":1,"54":1,"55":1,"56":0},"f":{"0":1,"1":1,"2":1,"3":11,"4":11,"5":0,"6":3,"7":1,"8":0,"9":3,"10":14,"11":3,"12":0,"13":0,"14":1,"15":0,"16":1,"17":0,"18":0,"19":2,"20":1,"21":1,"22":1},"b":{"0":[1,1,1],"1":[14,0],"2":[4,0],"3":[1,0]},"meta":{"lastBranch":4,"lastFunction":23,"lastStatement":57,"seen":{"s:28:40:28:Infinity":0,"s:30:36:30:Infinity":1,"f:32:2:32:14":0,"s:33:4:33:Infinity":2,"f:36:8:36:31":1,"s:37:4:88:Infinity":3,"f:37:23:37:24":2,"s:38:6:87:Infinity":4,"s:39:8:39:Infinity":5,"s:41:8:75:Infinity":6,"f:41:34:41:35":3,"s:42:10:42:Infinity":7,"s:43:10:43:Infinity":8,"s:46:10:50:Infinity":9,"s:52:10:55:Infinity":10,"f:52:25:52:31":4,"s:53:12:53:Infinity":11,"s:54:12:54:Infinity":12,"s:57:10:60:Infinity":13,"f:57:25:57:26":5,"s:58:12:58:Infinity":14,"s:59:12:59:Infinity":15,"s:63:10:74:Infinity":16,"f:63:27:63:28":6,"s:64:12:73:Infinity":17,"s:65:27:65:Infinity":18,"s:66:14:66:Infinity":19,"s:68:14:72:Infinity":20,"s:77:8:80:Infinity":21,"f:77:33:77:39":7,"s:78:10:78:Infinity":22,"s:79:10:79:Infinity":23,"s:82:8:84:Infinity":24,"f:82:29:82:30":8,"s:83:10:83:Infinity":25,"s:86:8:86:Infinity":26,"f:91:10:91:24":9,"b:93:6:100:Infinity:102:6:108:Infinity:110:6:115:Infinity":0,"s:92:4:116:Infinity":27,"s:95:8:99:Infinity":28,"s:100:8:100:Infinity":29,"s:103:8:107:Infinity":30,"s:108:8:108:Infinity":31,"s:111:8:115:Infinity":32,"f:119:10:119:17":10,"b:120:4:122:Infinity:undefined:undefined:undefined:undefined":1,"s:120:4:122:Infinity":33,"s:121:6:121:Infinity":34,"f:128:2:128:12":11,"s:129:34:133:Infinity":35,"s:135:20:135:Infinity":36,"s:136:4:140:Infinity":37,"b:137:6:139:Infinity:undefined:undefined:undefined:undefined":2,"s:137:6:139:Infinity":38,"s:138:8:138:Infinity":39,"f:146:2:146:18":12,"s:147:4:147:Infinity":40,"f:153:2:153:20":13,"s:154:4:154:Infinity":41,"f:160:2:160:19":14,"s:161:4:161:Infinity":42,"f:167:2:167:20":15,"s:168:4:168:Infinity":43,"f:174:2:174:20":16,"s:175:4:175:Infinity":44,"f:181:2:181:23":17,"s:182:4:182:Infinity":45,"f:188:2:188:23":18,"s:189:4:189:Infinity":46,"f:195:2:195:27":19,"s:196:4:196:Infinity":47,"f:199:8:199:30":20,"s:200:4:215:Infinity":48,"f:200:23:200:24":21,"b:201:6:214:Infinity:212:13:214:Infinity":3,"s:201:6:214:Infinity":49,"s:203:8:205:Infinity":50,"s:204:10:204:Infinity":51,"s:206:8:206:Infinity":52,"s:208:8:211:Infinity":53,"f:208:23:208:29":22,"s:209:10:209:Infinity":54,"s:210:10:210:Infinity":55,"s:213:8:213:Infinity":56}}}
}
